<?xml version="1.0" encoding="UTF-8"?>
<!-- Generated by org.testng.reporters.JUnitXMLReporter -->
<testsuite ignored="12" hostname="IN-PG02NKJ9" failures="4" tests="20" name="Test" time="261.219" errors="0" timestamp="2023-01-09T22:42:56 IST">
  <testcase classname="Flipkart.ExitTest.Test_Basic_Flipkart" name="Test_verify_Title" time="0.155"/>
  <testcase classname="Flipkart.ExitTest.Test_Basic_Flipkart" name="Test_loginFlipkart" time="3.297"/>
  <testcase classname="Flipkart.ExitTest.Test_Basic_Flipkart" name="Test_Search_Item" time="4.183"/>
  <testcase classname="Flipkart.ExitTest.Test_Headers" name="Test_MensFasion" time="6.285"/>
  <testcase classname="Flipkart.ExitTest.Test_Headers" name="Test_Home_Furnishings" time="7.254"/>
  <testcase classname="Flipkart.ExitTest.Test_Headers" name="Test_Top_offer" time="4.052"/>
  <testcase classname="Flipkart.ExitTest.Test_Headers" name="Test_MotorVehicle" time="5.188">
    <failure type="java.lang.AssertionError" message="expected [Buy Two Wheeler Vehicle Online From Flipkart | Electric Vehicle Online 08-Jan-23] but found [Buy Two Wheeler Vehicle Online From Flipkart | Electric Vehicle Online 09-Jan-23]">
      <![CDATA[java.lang.AssertionError: expected [Buy Two Wheeler Vehicle Online From Flipkart | Electric Vehicle Online 08-Jan-23] but found [Buy Two Wheeler Vehicle Online From Flipkart | Electric Vehicle Online 09-Jan-23]
at Flipkart.ExitTest.Test_Headers.Test_MotorVehicle(Test_Headers.java:98)
at java.base/java.util.ArrayList.forEach(ArrayList.java:1540)
... Removed 33 stack frames]]>
    </failure>
  </testcase> <!-- Test_MotorVehicle -->
  <testcase classname="Flipkart.ExitTest.Test_Headers" name="Test_BestSeller" time="17.229"/>
  <testcase classname="Flipkart.ExitTest.Test_SearchFuctionality" name="Test_compare_product" time="10.249"/>
  <testcase classname="Flipkart.ExitTest.Test_SearchFuctionality" name="Test_SearchAndCheckSpecification" time="5.972"/>
  <testcase classname="Flipkart.ExitTest.Test_SearchFuctionality" name="Test_Hower_on_product" time="11.401"/>
  <testcase classname="Flipkart.ExitTest.Test_AddToCart_and_BuyNow" name="Test_Add_to_cart" time="12.678"/>
  <testcase classname="Flipkart.ExitTest.Test_AddToCart_and_BuyNow" name="Test_Buy_Now" time="9.404"/>
  <testcase classname="Flipkart.ExitTest.Test_Grocery" name="Test_checkGroeryCart" time="9.895"/>
  <testcase classname="Flipkart.ExitTest.Test_Grocery" name="Test_AddGroceryItem" time="32.211">
    <failure type="org.openqa.selenium.NoSuchElementException" message="no such element: Unable to locate element: {&amp;quot;method&amp;quot;:&amp;quot;link text&amp;quot;,&amp;quot;selector&amp;quot;:&amp;quot;Ghee &amp;amp; Oils&amp;quot;}
  (Session info: chrome=108.0.5359.125)
For documentation on this error, please visit: https://selenium.dev/exceptions/#no_such_element
Build info: version: &amp;apos;4.4.0&amp;apos;, revision: &amp;apos;e5c75ed026a&amp;apos;
System info: host: &amp;apos;IN-PG02NKJ9&amp;apos;, ip: &amp;apos;192.168.1.6&amp;apos;, os.name: &amp;apos;Windows 10&amp;apos;, os.arch: &amp;apos;amd64&amp;apos;, os.version: &amp;apos;10.0&amp;apos;, java.version: &amp;apos;11.0.1&amp;apos;
Driver info: org.openqa.selenium.chrome.ChromeDriver
Command: [d906a6ee74bebd26c5a9efc68e4463fd, findElement {using=link text, value=Ghee &amp;amp; Oils}]
Capabilities {acceptInsecureCerts: false, browserName: chrome, browserVersion: 108.0.5359.125, chrome: {chromedriverVersion: 108.0.5359.71 (1e0e3868ee06..., userDataDir: C:\Users\AHAMAD~1\AppData\L...}, goog:chromeOptions: {debuggerAddress: localhost:58513}, networkConnectionEnabled: false, pageLoadStrategy: normal, platformName: WINDOWS, proxy: Proxy(), se:cdp: ws://localhost:58513/devtoo..., se:cdpVersion: 108.0.5359.125, setWindowRect: true, strictFileInteractability: false, timeouts: {implicit: 0, pageLoad: 300000, script: 30000}, unhandledPromptBehavior: dismiss and notify, webauthn:extension:credBlob: true, webauthn:extension:largeBlob: true, webauthn:virtualAuthenticators: true}
Session ID: d906a6ee74bebd26c5a9efc68e4463fd">
      <![CDATA[org.openqa.selenium.NoSuchElementException: no such element: Unable to locate element: {"method":"link text","selector":"Ghee & Oils"}
  (Session info: chrome=108.0.5359.125)
For documentation on this error, please visit: https://selenium.dev/exceptions/#no_such_element
Build info: version: '4.4.0', revision: 'e5c75ed026a'
System info: host: 'IN-PG02NKJ9', ip: '192.168.1.6', os.name: 'Windows 10', os.arch: 'amd64', os.version: '10.0', java.version: '11.0.1'
Driver info: org.openqa.selenium.chrome.ChromeDriver
Command: [d906a6ee74bebd26c5a9efc68e4463fd, findElement {using=link text, value=Ghee & Oils}]
Capabilities {acceptInsecureCerts: false, browserName: chrome, browserVersion: 108.0.5359.125, chrome: {chromedriverVersion: 108.0.5359.71 (1e0e3868ee06..., userDataDir: C:\Users\AHAMAD~1\AppData\L...}, goog:chromeOptions: {debuggerAddress: localhost:58513}, networkConnectionEnabled: false, pageLoadStrategy: normal, platformName: WINDOWS, proxy: Proxy(), se:cdp: ws://localhost:58513/devtoo..., se:cdpVersion: 108.0.5359.125, setWindowRect: true, strictFileInteractability: false, timeouts: {implicit: 0, pageLoad: 300000, script: 30000}, unhandledPromptBehavior: dismiss and notify, webauthn:extension:credBlob: true, webauthn:extension:largeBlob: true, webauthn:virtualAuthenticators: true}
Session ID: d906a6ee74bebd26c5a9efc68e4463fd
at org.openqa.selenium.remote.codec.w3c.W3CHttpResponseCodec.createException(W3CHttpResponseCodec.java:200)
at org.openqa.selenium.remote.codec.w3c.W3CHttpResponseCodec.decode(W3CHttpResponseCodec.java:133)
at org.openqa.selenium.remote.codec.w3c.W3CHttpResponseCodec.decode(W3CHttpResponseCodec.java:53)
at org.openqa.selenium.remote.HttpCommandExecutor.execute(HttpCommandExecutor.java:184)
at org.openqa.selenium.remote.service.DriverCommandExecutor.invokeExecute(DriverCommandExecutor.java:167)
at org.openqa.selenium.remote.service.DriverCommandExecutor.execute(DriverCommandExecutor.java:142)
at org.openqa.selenium.remote.RemoteWebDriver.execute(RemoteWebDriver.java:547)
at org.openqa.selenium.remote.ElementLocation$ElementFinder$2.findElement(ElementLocation.java:162)
at org.openqa.selenium.remote.ElementLocation.findElement(ElementLocation.java:60)
at org.openqa.selenium.remote.RemoteWebDriver.findElement(RemoteWebDriver.java:365)
at org.openqa.selenium.remote.RemoteWebDriver.findElement(RemoteWebDriver.java:357)
at org.openqa.selenium.support.pagefactory.DefaultElementLocator.findElement(DefaultElementLocator.java:70)
at org.openqa.selenium.support.pagefactory.internal.LocatingElementHandler.invoke(LocatingElementHandler.java:39)
at com.sun.proxy.$Proxy19.click(Unknown Source)
at PageFactory.GroceryPage.staples_item(GroceryPage.java:125)
at Flipkart.ExitTest.Test_Grocery.Test_AddGroceryItem(Test_Grocery.java:64)
at java.base/java.util.ArrayList.forEach(ArrayList.java:1540)
... Removed 31 stack frames]]>
    </failure>
  </testcase> <!-- Test_AddGroceryItem -->
  <testcase classname="Flipkart.ExitTest.Test_Grocery" name="Test_CheckGrocetyFilter" time="20.882"/>
  <testcase classname="Flipkart.ExitTest.Test_Travel" name="Test_searchFlight" time="1.116">
    <failure type="org.openqa.selenium.ElementClickInterceptedException" message="element click intercepted: Element &amp;lt;div class=&amp;quot;xtXmba&amp;quot;&amp;gt;...&amp;lt;/div&amp;gt; is not clickable at point (758, 145). Other element would receive the click: &amp;lt;div class=&amp;quot;_6uPgrs&amp;quot;&amp;gt;...&amp;lt;/div&amp;gt;
  (Session info: chrome=108.0.5359.125)
Build info: version: &amp;apos;4.4.0&amp;apos;, revision: &amp;apos;e5c75ed026a&amp;apos;
System info: host: &amp;apos;IN-PG02NKJ9&amp;apos;, ip: &amp;apos;192.168.1.6&amp;apos;, os.name: &amp;apos;Windows 10&amp;apos;, os.arch: &amp;apos;amd64&amp;apos;, os.version: &amp;apos;10.0&amp;apos;, java.version: &amp;apos;11.0.1&amp;apos;
Driver info: org.openqa.selenium.chrome.ChromeDriver
Command: [d906a6ee74bebd26c5a9efc68e4463fd, clickElement {id=8afa6ca2-ee19-4217-89d4-db39c87e85be}]
Capabilities {acceptInsecureCerts: false, browserName: chrome, browserVersion: 108.0.5359.125, chrome: {chromedriverVersion: 108.0.5359.71 (1e0e3868ee06..., userDataDir: C:\Users\AHAMAD~1\AppData\L...}, goog:chromeOptions: {debuggerAddress: localhost:58513}, networkConnectionEnabled: false, pageLoadStrategy: normal, platformName: WINDOWS, proxy: Proxy(), se:cdp: ws://localhost:58513/devtoo..., se:cdpVersion: 108.0.5359.125, setWindowRect: true, strictFileInteractability: false, timeouts: {implicit: 0, pageLoad: 300000, script: 30000}, unhandledPromptBehavior: dismiss and notify, webauthn:extension:credBlob: true, webauthn:extension:largeBlob: true, webauthn:virtualAuthenticators: true}
Element: [[ChromeDriver: chrome on WINDOWS (d906a6ee74bebd26c5a9efc68e4463fd)] -&amp;gt; xpath: //div[contains(text(),&amp;apos;Travel&amp;apos;)]]
Session ID: d906a6ee74bebd26c5a9efc68e4463fd">
      <![CDATA[org.openqa.selenium.ElementClickInterceptedException: element click intercepted: Element <div class="xtXmba">...</div> is not clickable at point (758, 145). Other element would receive the click: <div class="_6uPgrs">...</div>
  (Session info: chrome=108.0.5359.125)
Build info: version: '4.4.0', revision: 'e5c75ed026a'
System info: host: 'IN-PG02NKJ9', ip: '192.168.1.6', os.name: 'Windows 10', os.arch: 'amd64', os.version: '10.0', java.version: '11.0.1'
Driver info: org.openqa.selenium.chrome.ChromeDriver
Command: [d906a6ee74bebd26c5a9efc68e4463fd, clickElement {id=8afa6ca2-ee19-4217-89d4-db39c87e85be}]
Capabilities {acceptInsecureCerts: false, browserName: chrome, browserVersion: 108.0.5359.125, chrome: {chromedriverVersion: 108.0.5359.71 (1e0e3868ee06..., userDataDir: C:\Users\AHAMAD~1\AppData\L...}, goog:chromeOptions: {debuggerAddress: localhost:58513}, networkConnectionEnabled: false, pageLoadStrategy: normal, platformName: WINDOWS, proxy: Proxy(), se:cdp: ws://localhost:58513/devtoo..., se:cdpVersion: 108.0.5359.125, setWindowRect: true, strictFileInteractability: false, timeouts: {implicit: 0, pageLoad: 300000, script: 30000}, unhandledPromptBehavior: dismiss and notify, webauthn:extension:credBlob: true, webauthn:extension:largeBlob: true, webauthn:virtualAuthenticators: true}
Element: [[ChromeDriver: chrome on WINDOWS (d906a6ee74bebd26c5a9efc68e4463fd)] -> xpath: //div[contains(text(),'Travel')]]
Session ID: d906a6ee74bebd26c5a9efc68e4463fd
at org.openqa.selenium.remote.codec.w3c.W3CHttpResponseCodec.createException(W3CHttpResponseCodec.java:200)
at org.openqa.selenium.remote.codec.w3c.W3CHttpResponseCodec.decode(W3CHttpResponseCodec.java:133)
at org.openqa.selenium.remote.codec.w3c.W3CHttpResponseCodec.decode(W3CHttpResponseCodec.java:53)
at org.openqa.selenium.remote.HttpCommandExecutor.execute(HttpCommandExecutor.java:184)
at org.openqa.selenium.remote.service.DriverCommandExecutor.invokeExecute(DriverCommandExecutor.java:167)
at org.openqa.selenium.remote.service.DriverCommandExecutor.execute(DriverCommandExecutor.java:142)
at org.openqa.selenium.remote.RemoteWebDriver.execute(RemoteWebDriver.java:547)
at org.openqa.selenium.remote.RemoteWebElement.execute(RemoteWebElement.java:257)
at org.openqa.selenium.remote.RemoteWebElement.click(RemoteWebElement.java:78)
at org.openqa.selenium.support.pagefactory.internal.LocatingElementHandler.invoke(LocatingElementHandler.java:52)
at com.sun.proxy.$Proxy19.click(Unknown Source)
at PageFactory.TravelPage.Click_On_Travel(TravelPage.java:69)
at Flipkart.ExitTest.Test_Travel.Test_searchFlight(Test_Travel.java:28)
at java.base/java.util.ArrayList.forEach(ArrayList.java:1540)
... Removed 34 stack frames]]>
    </failure>
  </testcase> <!-- Test_searchFlight -->
  <testcase classname="Flipkart.ExitTest.Test_Footer" name="Test_Social_Media" time="22.641">
    <failure type="java.lang.AssertionError" message="expected [Flipkart (@Flipkart) / Twitter] but found []">
      <![CDATA[java.lang.AssertionError: expected [Flipkart (@Flipkart) / Twitter] but found []
at Flipkart.ExitTest.Test_Footer.Test_Social_Media(Test_Footer.java:51)
at java.base/java.util.ArrayList.forEach(ArrayList.java:1540)
... Removed 33 stack frames]]>
    </failure>
  </testcase> <!-- Test_Social_Media -->
  <testcase classname="Flipkart.ExitTest.Test_Footer" name="Test_FAQ" time="7.841"/>
  <testcase classname="Flipkart.ExitTest.Test_Footer" name="Test_Careers" time="20.129"/>
  <testcase classname="Flipkart.ExitTest.BaseClass" name="@AfterSuite tearDown" time="0.0">
    <ignored/>
  </testcase> <!-- @AfterSuite tearDown -->
  <testcase classname="Flipkart.ExitTest.BaseClass" name="@AfterSuite tearDown" time="0.0">
    <ignored/>
  </testcase> <!-- @AfterSuite tearDown -->
  <testcase classname="Flipkart.ExitTest.BaseClass" name="@AfterSuite tearDown" time="0.0">
    <ignored/>
  </testcase> <!-- @AfterSuite tearDown -->
  <testcase classname="Flipkart.ExitTest.BaseClass" name="@AfterSuite tearDown" time="0.0">
    <ignored/>
  </testcase> <!-- @AfterSuite tearDown -->
  <testcase classname="Flipkart.ExitTest.BaseClass" name="@AfterSuite tearDown" time="0.0">
    <ignored/>
  </testcase> <!-- @AfterSuite tearDown -->
  <testcase classname="Flipkart.ExitTest.BaseClass" name="@AfterSuite tearDown" time="0.0">
    <ignored/>
  </testcase> <!-- @AfterSuite tearDown -->
  <testcase classname="Flipkart.ExitTest.BaseClass" name="@BeforeSuite launchBrowser" time="0.0">
    <ignored/>
  </testcase> <!-- @BeforeSuite launchBrowser -->
  <testcase classname="Flipkart.ExitTest.BaseClass" name="@BeforeSuite launchBrowser" time="0.0">
    <ignored/>
  </testcase> <!-- @BeforeSuite launchBrowser -->
  <testcase classname="Flipkart.ExitTest.BaseClass" name="@BeforeSuite launchBrowser" time="0.0">
    <ignored/>
  </testcase> <!-- @BeforeSuite launchBrowser -->
  <testcase classname="Flipkart.ExitTest.BaseClass" name="@BeforeSuite launchBrowser" time="0.0">
    <ignored/>
  </testcase> <!-- @BeforeSuite launchBrowser -->
  <testcase classname="Flipkart.ExitTest.BaseClass" name="@BeforeSuite launchBrowser" time="0.0">
    <ignored/>
  </testcase> <!-- @BeforeSuite launchBrowser -->
  <testcase classname="Flipkart.ExitTest.BaseClass" name="@BeforeSuite launchBrowser" time="0.0">
    <ignored/>
  </testcase> <!-- @BeforeSuite launchBrowser -->
</testsuite> <!-- Test -->
