<?xml version="1.0" encoding="UTF-8"?>
<!-- Generated by org.testng.reporters.JUnitXMLReporter -->
<testsuite ignored="12" hostname="IN-PG02NKJ9" failures="1" tests="20" name="Test" time="320.389" errors="0" timestamp="2023-01-09T23:08:36 IST">
  <testcase classname="Flipkart.ExitTest.Test_Basic_Flipkart" name="Test_verify_Title" time="0.122"/>
  <testcase classname="Flipkart.ExitTest.Test_Basic_Flipkart" name="Test_loginFlipkart" time="3.292"/>
  <testcase classname="Flipkart.ExitTest.Test_Basic_Flipkart" name="Test_Search_Item" time="4.25"/>
  <testcase classname="Flipkart.ExitTest.Test_Headers" name="Test_MensFasion" time="6.012"/>
  <testcase classname="Flipkart.ExitTest.Test_Headers" name="Test_Home_Furnishings" time="7.167"/>
  <testcase classname="Flipkart.ExitTest.Test_Headers" name="Test_Top_offer" time="3.096"/>
  <testcase classname="Flipkart.ExitTest.Test_Headers" name="Test_MotorVehicle" time="9.393"/>
  <testcase classname="Flipkart.ExitTest.Test_Headers" name="Test_BestSeller" time="25.96"/>
  <testcase classname="Flipkart.ExitTest.Test_SearchFuctionality" name="Test_compare_product" time="12.251"/>
  <testcase classname="Flipkart.ExitTest.Test_SearchFuctionality" name="Test_SearchAndCheckSpecification" time="7.806"/>
  <testcase classname="Flipkart.ExitTest.Test_SearchFuctionality" name="Test_Hower_on_product" time="13.111"/>
  <testcase classname="Flipkart.ExitTest.Test_AddToCart_and_BuyNow" name="Test_Add_to_cart" time="32.716">
    <failure type="org.openqa.selenium.NoSuchElementException" message="no such element: Unable to locate element: {&amp;quot;method&amp;quot;:&amp;quot;link text&amp;quot;,&amp;quot;selector&amp;quot;:&amp;quot;Remote Control&amp;quot;}
  (Session info: chrome=108.0.5359.125)
For documentation on this error, please visit: https://selenium.dev/exceptions/#no_such_element
Build info: version: &amp;apos;4.4.0&amp;apos;, revision: &amp;apos;e5c75ed026a&amp;apos;
System info: host: &amp;apos;IN-PG02NKJ9&amp;apos;, ip: &amp;apos;192.168.1.6&amp;apos;, os.name: &amp;apos;Windows 11&amp;apos;, os.arch: &amp;apos;amd64&amp;apos;, os.version: &amp;apos;10.0&amp;apos;, java.version: &amp;apos;11.0.17&amp;apos;
Driver info: org.openqa.selenium.chrome.ChromeDriver
Command: [b4675fca9ffeb2e3d3337c3e6784dfd5, findElement {using=link text, value=Remote Control}]
Capabilities {acceptInsecureCerts: false, browserName: chrome, browserVersion: 108.0.5359.125, chrome: {chromedriverVersion: 108.0.5359.71 (1e0e3868ee06..., userDataDir: C:\Users\AHAMAD~1\AppData\L...}, goog:chromeOptions: {debuggerAddress: localhost:50145}, networkConnectionEnabled: false, pageLoadStrategy: normal, platformName: WINDOWS, proxy: Proxy(), se:cdp: ws://localhost:50145/devtoo..., se:cdpVersion: 108.0.5359.125, setWindowRect: true, strictFileInteractability: false, timeouts: {implicit: 0, pageLoad: 300000, script: 30000}, unhandledPromptBehavior: dismiss and notify, webauthn:extension:credBlob: true, webauthn:extension:largeBlob: true, webauthn:virtualAuthenticators: true}
Session ID: b4675fca9ffeb2e3d3337c3e6784dfd5">
      <![CDATA[org.openqa.selenium.NoSuchElementException: no such element: Unable to locate element: {"method":"link text","selector":"Remote Control"}
  (Session info: chrome=108.0.5359.125)
For documentation on this error, please visit: https://selenium.dev/exceptions/#no_such_element
Build info: version: '4.4.0', revision: 'e5c75ed026a'
System info: host: 'IN-PG02NKJ9', ip: '192.168.1.6', os.name: 'Windows 11', os.arch: 'amd64', os.version: '10.0', java.version: '11.0.17'
Driver info: org.openqa.selenium.chrome.ChromeDriver
Command: [b4675fca9ffeb2e3d3337c3e6784dfd5, findElement {using=link text, value=Remote Control}]
Capabilities {acceptInsecureCerts: false, browserName: chrome, browserVersion: 108.0.5359.125, chrome: {chromedriverVersion: 108.0.5359.71 (1e0e3868ee06..., userDataDir: C:\Users\AHAMAD~1\AppData\L...}, goog:chromeOptions: {debuggerAddress: localhost:50145}, networkConnectionEnabled: false, pageLoadStrategy: normal, platformName: WINDOWS, proxy: Proxy(), se:cdp: ws://localhost:50145/devtoo..., se:cdpVersion: 108.0.5359.125, setWindowRect: true, strictFileInteractability: false, timeouts: {implicit: 0, pageLoad: 300000, script: 30000}, unhandledPromptBehavior: dismiss and notify, webauthn:extension:credBlob: true, webauthn:extension:largeBlob: true, webauthn:virtualAuthenticators: true}
Session ID: b4675fca9ffeb2e3d3337c3e6784dfd5
at org.openqa.selenium.remote.codec.w3c.W3CHttpResponseCodec.createException(W3CHttpResponseCodec.java:200)
at org.openqa.selenium.remote.codec.w3c.W3CHttpResponseCodec.decode(W3CHttpResponseCodec.java:133)
at org.openqa.selenium.remote.codec.w3c.W3CHttpResponseCodec.decode(W3CHttpResponseCodec.java:53)
at org.openqa.selenium.remote.HttpCommandExecutor.execute(HttpCommandExecutor.java:184)
at org.openqa.selenium.remote.service.DriverCommandExecutor.invokeExecute(DriverCommandExecutor.java:167)
at org.openqa.selenium.remote.service.DriverCommandExecutor.execute(DriverCommandExecutor.java:142)
at org.openqa.selenium.remote.RemoteWebDriver.execute(RemoteWebDriver.java:547)
at org.openqa.selenium.remote.ElementLocation$ElementFinder$2.findElement(ElementLocation.java:162)
at org.openqa.selenium.remote.ElementLocation.findElement(ElementLocation.java:60)
at org.openqa.selenium.remote.RemoteWebDriver.findElement(RemoteWebDriver.java:365)
at org.openqa.selenium.remote.RemoteWebDriver.findElement(RemoteWebDriver.java:357)
at org.openqa.selenium.support.pagefactory.DefaultElementLocator.findElement(DefaultElementLocator.java:70)
at org.openqa.selenium.support.pagefactory.internal.LocatingElementHandler.invoke(LocatingElementHandler.java:39)
at com.sun.proxy.$Proxy16.click(Unknown Source)
at PageFactory.AddToCart_and_BuyNowPage.go_to_electronics(AddToCart_and_BuyNowPage.java:64)
at Flipkart.ExitTest.Test_AddToCart_and_BuyNow.Test_Add_to_cart(Test_AddToCart_and_BuyNow.java:22)
at java.base/java.util.ArrayList.forEach(ArrayList.java:1541)
... Removed 35 stack frames]]>
    </failure>
  </testcase> <!-- Test_Add_to_cart -->
  <testcase classname="Flipkart.ExitTest.Test_AddToCart_and_BuyNow" name="Test_Buy_Now" time="9.844"/>
  <testcase classname="Flipkart.ExitTest.Test_Grocery" name="Test_checkGroeryCart" time="10.11"/>
  <testcase classname="Flipkart.ExitTest.Test_Grocery" name="Test_AddGroceryItem" time="8.677"/>
  <testcase classname="Flipkart.ExitTest.Test_Grocery" name="Test_CheckGrocetyFilter" time="21.037"/>
  <testcase classname="Flipkart.ExitTest.Test_Travel" name="Test_searchFlight" time="24.526"/>
  <testcase classname="Flipkart.ExitTest.Test_Footer" name="Test_Social_Media" time="20.273"/>
  <testcase classname="Flipkart.ExitTest.Test_Footer" name="Test_FAQ" time="8.796"/>
  <testcase classname="Flipkart.ExitTest.Test_Footer" name="Test_Careers" time="19.235"/>
  <testcase classname="Flipkart.ExitTest.BaseClass" name="@AfterSuite tearDown" time="0.0">
    <ignored/>
  </testcase> <!-- @AfterSuite tearDown -->
  <testcase classname="Flipkart.ExitTest.BaseClass" name="@AfterSuite tearDown" time="0.0">
    <ignored/>
  </testcase> <!-- @AfterSuite tearDown -->
  <testcase classname="Flipkart.ExitTest.BaseClass" name="@AfterSuite tearDown" time="0.0">
    <ignored/>
  </testcase> <!-- @AfterSuite tearDown -->
  <testcase classname="Flipkart.ExitTest.BaseClass" name="@AfterSuite tearDown" time="0.0">
    <ignored/>
  </testcase> <!-- @AfterSuite tearDown -->
  <testcase classname="Flipkart.ExitTest.BaseClass" name="@AfterSuite tearDown" time="0.0">
    <ignored/>
  </testcase> <!-- @AfterSuite tearDown -->
  <testcase classname="Flipkart.ExitTest.BaseClass" name="@AfterSuite tearDown" time="0.0">
    <ignored/>
  </testcase> <!-- @AfterSuite tearDown -->
  <testcase classname="Flipkart.ExitTest.BaseClass" name="@BeforeSuite launchBrowser" time="0.0">
    <ignored/>
  </testcase> <!-- @BeforeSuite launchBrowser -->
  <testcase classname="Flipkart.ExitTest.BaseClass" name="@BeforeSuite launchBrowser" time="0.0">
    <ignored/>
  </testcase> <!-- @BeforeSuite launchBrowser -->
  <testcase classname="Flipkart.ExitTest.BaseClass" name="@BeforeSuite launchBrowser" time="0.0">
    <ignored/>
  </testcase> <!-- @BeforeSuite launchBrowser -->
  <testcase classname="Flipkart.ExitTest.BaseClass" name="@BeforeSuite launchBrowser" time="0.0">
    <ignored/>
  </testcase> <!-- @BeforeSuite launchBrowser -->
  <testcase classname="Flipkart.ExitTest.BaseClass" name="@BeforeSuite launchBrowser" time="0.0">
    <ignored/>
  </testcase> <!-- @BeforeSuite launchBrowser -->
  <testcase classname="Flipkart.ExitTest.BaseClass" name="@BeforeSuite launchBrowser" time="0.0">
    <ignored/>
  </testcase> <!-- @BeforeSuite launchBrowser -->
</testsuite> <!-- Test -->
