<?xml version="1.0" encoding="UTF-8"?>
<testsuite xmlns:xsi="http://www.w3.org/2001/XMLSchema-instance" xsi:noNamespaceSchemaLocation="https://maven.apache.org/surefire/maven-surefire-plugin/xsd/surefire-test-report-3.0.xsd" version="3.0" name="TestSuite" time="327.734" tests="20" errors="0" skipped="0" failures="1">
  <properties>
    <property name="sun.desktop" value="windows"/>
    <property name="awt.toolkit" value="sun.awt.windows.WToolkit"/>
    <property name="java.specification.version" value="11"/>
    <property name="webdriver.chrome.driver" value="C:\Users\ahamadhusain\.cache\selenium\chromedriver\win32\108.0.5359.71\chromedriver.exe"/>
    <property name="sun.cpu.isalist" value="amd64"/>
    <property name="sun.jnu.encoding" value="Cp1252"/>
    <property name="java.class.path" value="C:\Users\ahamadhusain\eclipse-workspace\ExitTest\target\test-classes;C:\Users\ahamadhusain\eclipse-workspace\ExitTest\target\classes;C:\Users\ahamadhusain\.m2\repository\junit\junit\3.8.1\junit-3.8.1.jar;C:\Users\ahamadhusain\.m2\repository\org\testng\testng\7.4.0\testng-7.4.0.jar;C:\Users\ahamadhusain\.m2\repository\com\beust\jcommander\1.78\jcommander-1.78.jar;C:\Users\ahamadhusain\.m2\repository\org\webjars\jquery\3.5.1\jquery-3.5.1.jar;C:\Users\ahamadhusain\.m2\repository\org\seleniumhq\selenium\selenium-java\4.4.0\selenium-java-4.4.0.jar;C:\Users\ahamadhusain\.m2\repository\org\seleniumhq\selenium\selenium-api\4.4.0\selenium-api-4.4.0.jar;C:\Users\ahamadhusain\.m2\repository\org\seleniumhq\selenium\selenium-chrome-driver\4.4.0\selenium-chrome-driver-4.4.0.jar;C:\Users\ahamadhusain\.m2\repository\com\google\auto\service\auto-service-annotations\1.0.1\auto-service-annotations-1.0.1.jar;C:\Users\ahamadhusain\.m2\repository\com\google\auto\service\auto-service\1.0.1\auto-service-1.0.1.jar;C:\Users\ahamadhusain\.m2\repository\com\google\auto\auto-common\1.2\auto-common-1.2.jar;C:\Users\ahamadhusain\.m2\repository\com\google\guava\guava\31.1-jre\guava-31.1-jre.jar;C:\Users\ahamadhusain\.m2\repository\com\google\guava\failureaccess\1.0.1\failureaccess-1.0.1.jar;C:\Users\ahamadhusain\.m2\repository\com\google\guava\listenablefuture\9999.0-empty-to-avoid-conflict-with-guava\listenablefuture-9999.0-empty-to-avoid-conflict-with-guava.jar;C:\Users\ahamadhusain\.m2\repository\com\google\code\findbugs\jsr305\3.0.2\jsr305-3.0.2.jar;C:\Users\ahamadhusain\.m2\repository\org\checkerframework\checker-qual\3.12.0\checker-qual-3.12.0.jar;C:\Users\ahamadhusain\.m2\repository\com\google\errorprone\error_prone_annotations\2.11.0\error_prone_annotations-2.11.0.jar;C:\Users\ahamadhusain\.m2\repository\com\google\j2objc\j2objc-annotations\1.3\j2objc-annotations-1.3.jar;C:\Users\ahamadhusain\.m2\repository\org\seleniumhq\selenium\selenium-chromium-driver\4.4.0\selenium-chromium-driver-4.4.0.jar;C:\Users\ahamadhusain\.m2\repository\org\seleniumhq\selenium\selenium-json\4.4.0\selenium-json-4.4.0.jar;C:\Users\ahamadhusain\.m2\repository\org\seleniumhq\selenium\selenium-devtools-v102\4.4.0\selenium-devtools-v102-4.4.0.jar;C:\Users\ahamadhusain\.m2\repository\org\seleniumhq\selenium\selenium-devtools-v103\4.4.0\selenium-devtools-v103-4.4.0.jar;C:\Users\ahamadhusain\.m2\repository\org\seleniumhq\selenium\selenium-devtools-v104\4.4.0\selenium-devtools-v104-4.4.0.jar;C:\Users\ahamadhusain\.m2\repository\org\seleniumhq\selenium\selenium-devtools-v85\4.4.0\selenium-devtools-v85-4.4.0.jar;C:\Users\ahamadhusain\.m2\repository\org\seleniumhq\selenium\selenium-edge-driver\4.4.0\selenium-edge-driver-4.4.0.jar;C:\Users\ahamadhusain\.m2\repository\org\seleniumhq\selenium\selenium-firefox-driver\4.4.0\selenium-firefox-driver-4.4.0.jar;C:\Users\ahamadhusain\.m2\repository\org\seleniumhq\selenium\selenium-ie-driver\4.4.0\selenium-ie-driver-4.4.0.jar;C:\Users\ahamadhusain\.m2\repository\org\seleniumhq\selenium\selenium-opera-driver\4.4.0\selenium-opera-driver-4.4.0.jar;C:\Users\ahamadhusain\.m2\repository\org\seleniumhq\selenium\selenium-remote-driver\4.4.0\selenium-remote-driver-4.4.0.jar;C:\Users\ahamadhusain\.m2\repository\io\netty\netty-buffer\4.1.78.Final\netty-buffer-4.1.78.Final.jar;C:\Users\ahamadhusain\.m2\repository\io\netty\netty-codec-http\4.1.78.Final\netty-codec-http-4.1.78.Final.jar;C:\Users\ahamadhusain\.m2\repository\io\netty\netty-codec\4.1.78.Final\netty-codec-4.1.78.Final.jar;C:\Users\ahamadhusain\.m2\repository\io\netty\netty-handler\4.1.78.Final\netty-handler-4.1.78.Final.jar;C:\Users\ahamadhusain\.m2\repository\io\netty\netty-common\4.1.78.Final\netty-common-4.1.78.Final.jar;C:\Users\ahamadhusain\.m2\repository\io\netty\netty-transport-classes-epoll\4.1.78.Final\netty-transport-classes-epoll-4.1.78.Final.jar;C:\Users\ahamadhusain\.m2\repository\io\netty\netty-transport-classes-kqueue\4.1.78.Final\netty-transport-classes-kqueue-4.1.78.Final.jar;C:\Users\ahamadhusain\.m2\repository\io\netty\netty-transport-native-epoll\4.1.78.Final\netty-transport-native-epoll-4.1.78.Final.jar;C:\Users\ahamadhusain\.m2\repository\io\netty\netty-transport-native-kqueue\4.1.78.Final\netty-transport-native-kqueue-4.1.78.Final.jar;C:\Users\ahamadhusain\.m2\repository\io\netty\netty-transport-native-unix-common\4.1.78.Final\netty-transport-native-unix-common-4.1.78.Final.jar;C:\Users\ahamadhusain\.m2\repository\io\netty\netty-transport\4.1.78.Final\netty-transport-4.1.78.Final.jar;C:\Users\ahamadhusain\.m2\repository\io\netty\netty-resolver\4.1.78.Final\netty-resolver-4.1.78.Final.jar;C:\Users\ahamadhusain\.m2\repository\io\opentelemetry\opentelemetry-api\1.16.0\opentelemetry-api-1.16.0.jar;C:\Users\ahamadhusain\.m2\repository\io\opentelemetry\opentelemetry-context\1.16.0\opentelemetry-context-1.16.0.jar;C:\Users\ahamadhusain\.m2\repository\io\opentelemetry\opentelemetry-exporter-logging\1.16.0\opentelemetry-exporter-logging-1.16.0.jar;C:\Users\ahamadhusain\.m2\repository\io\opentelemetry\opentelemetry-sdk-metrics\1.16.0\opentelemetry-sdk-metrics-1.16.0.jar;C:\Users\ahamadhusain\.m2\repository\io\opentelemetry\opentelemetry-sdk-logs\1.16.0-alpha\opentelemetry-sdk-logs-1.16.0-alpha.jar;C:\Users\ahamadhusain\.m2\repository\io\opentelemetry\opentelemetry-sdk-common\1.16.0\opentelemetry-sdk-common-1.16.0.jar;C:\Users\ahamadhusain\.m2\repository\io\opentelemetry\opentelemetry-sdk-extension-autoconfigure-spi\1.16.0\opentelemetry-sdk-extension-autoconfigure-spi-1.16.0.jar;C:\Users\ahamadhusain\.m2\repository\io\opentelemetry\opentelemetry-sdk-extension-autoconfigure\1.16.0-alpha\opentelemetry-sdk-extension-autoconfigure-1.16.0-alpha.jar;C:\Users\ahamadhusain\.m2\repository\io\opentelemetry\opentelemetry-sdk-trace\1.16.0\opentelemetry-sdk-trace-1.16.0.jar;C:\Users\ahamadhusain\.m2\repository\io\opentelemetry\opentelemetry-sdk\1.16.0\opentelemetry-sdk-1.16.0.jar;C:\Users\ahamadhusain\.m2\repository\io\opentelemetry\opentelemetry-semconv\1.16.0-alpha\opentelemetry-semconv-1.16.0-alpha.jar;C:\Users\ahamadhusain\.m2\repository\io\ous\jtoml\2.0.0\jtoml-2.0.0.jar;C:\Users\ahamadhusain\.m2\repository\net\bytebuddy\byte-buddy\1.12.10\byte-buddy-1.12.10.jar;C:\Users\ahamadhusain\.m2\repository\org\apache\commons\commons-exec\1.3\commons-exec-1.3.jar;C:\Users\ahamadhusain\.m2\repository\org\asynchttpclient\async-http-client\2.12.3\async-http-client-2.12.3.jar;C:\Users\ahamadhusain\.m2\repository\org\asynchttpclient\async-http-client-netty-utils\2.12.3\async-http-client-netty-utils-2.12.3.jar;C:\Users\ahamadhusain\.m2\repository\io\netty\netty-codec-socks\4.1.60.Final\netty-codec-socks-4.1.60.Final.jar;C:\Users\ahamadhusain\.m2\repository\io\netty\netty-handler-proxy\4.1.60.Final\netty-handler-proxy-4.1.60.Final.jar;C:\Users\ahamadhusain\.m2\repository\io\netty\netty-transport-native-epoll\4.1.60.Final\netty-transport-native-epoll-4.1.60.Final-linux-x86_64.jar;C:\Users\ahamadhusain\.m2\repository\io\netty\netty-transport-native-kqueue\4.1.60.Final\netty-transport-native-kqueue-4.1.60.Final-osx-x86_64.jar;C:\Users\ahamadhusain\.m2\repository\org\reactivestreams\reactive-streams\1.0.3\reactive-streams-1.0.3.jar;C:\Users\ahamadhusain\.m2\repository\com\typesafe\netty\netty-reactive-streams\2.0.4\netty-reactive-streams-2.0.4.jar;C:\Users\ahamadhusain\.m2\repository\com\sun\activation\jakarta.activation\1.2.2\jakarta.activation-1.2.2.jar;C:\Users\ahamadhusain\.m2\repository\org\seleniumhq\selenium\selenium-http\4.4.0\selenium-http-4.4.0.jar;C:\Users\ahamadhusain\.m2\repository\dev\failsafe\failsafe\3.2.4\failsafe-3.2.4.jar;C:\Users\ahamadhusain\.m2\repository\org\seleniumhq\selenium\selenium-safari-driver\4.4.0\selenium-safari-driver-4.4.0.jar;C:\Users\ahamadhusain\.m2\repository\org\seleniumhq\selenium\selenium-support\4.4.0\selenium-support-4.4.0.jar;C:\Users\ahamadhusain\.m2\repository\commons-io\commons-io\2.6\commons-io-2.6.jar;C:\Users\ahamadhusain\.m2\repository\com\relevantcodes\extentreports\2.41.2\extentreports-2.41.2.jar;C:\Users\ahamadhusain\.m2\repository\org\jsoup\jsoup\1.8.3\jsoup-1.8.3.jar;C:\Users\ahamadhusain\.m2\repository\org\xerial\sqlite-jdbc\3.8.11.1\sqlite-jdbc-3.8.11.1.jar;C:\Users\ahamadhusain\.m2\repository\org\freemarker\freemarker\2.3.23\freemarker-2.3.23.jar;C:\Users\ahamadhusain\.m2\repository\org\mongodb\mongodb-driver\3.0.4\mongodb-driver-3.0.4.jar;C:\Users\ahamadhusain\.m2\repository\org\mongodb\bson\3.0.4\bson-3.0.4.jar;C:\Users\ahamadhusain\.m2\repository\org\mongodb\mongodb-driver-core\3.0.4\mongodb-driver-core-3.0.4.jar;C:\Users\ahamadhusain\.m2\repository\log4j\log4j\1.2.17\log4j-1.2.17.jar;C:\Users\ahamadhusain\.m2\repository\io\github\bonigarcia\webdrivermanager\5.3.1\webdrivermanager-5.3.1.jar;C:\Users\ahamadhusain\.m2\repository\org\slf4j\slf4j-api\2.0.3\slf4j-api-2.0.3.jar;C:\Users\ahamadhusain\.m2\repository\com\google\code\gson\gson\2.10\gson-2.10.jar;C:\Users\ahamadhusain\.m2\repository\com\github\docker-java\docker-java\3.2.13\docker-java-3.2.13.jar;C:\Users\ahamadhusain\.m2\repository\com\github\docker-java\docker-java-core\3.2.13\docker-java-core-3.2.13.jar;C:\Users\ahamadhusain\.m2\repository\com\github\docker-java\docker-java-api\3.2.13\docker-java-api-3.2.13.jar;C:\Users\ahamadhusain\.m2\repository\com\fasterxml\jackson\core\jackson-annotations\2.10.3\jackson-annotations-2.10.3.jar;C:\Users\ahamadhusain\.m2\repository\com\fasterxml\jackson\core\jackson-databind\2.10.3\jackson-databind-2.10.3.jar;C:\Users\ahamadhusain\.m2\repository\com\fasterxml\jackson\core\jackson-core\2.10.3\jackson-core-2.10.3.jar;C:\Users\ahamadhusain\.m2\repository\org\bouncycastle\bcpkix-jdk15on\1.64\bcpkix-jdk15on-1.64.jar;C:\Users\ahamadhusain\.m2\repository\org\bouncycastle\bcprov-jdk15on\1.64\bcprov-jdk15on-1.64.jar;C:\Users\ahamadhusain\.m2\repository\org\slf4j\jcl-over-slf4j\1.7.30\jcl-over-slf4j-1.7.30.jar;C:\Users\ahamadhusain\.m2\repository\com\github\docker-java\docker-java-transport-httpclient5\3.2.13\docker-java-transport-httpclient5-3.2.13.jar;C:\Users\ahamadhusain\.m2\repository\com\github\docker-java\docker-java-transport\3.2.13\docker-java-transport-3.2.13.jar;C:\Users\ahamadhusain\.m2\repository\net\java\dev\jna\jna\5.8.0\jna-5.8.0.jar;C:\Users\ahamadhusain\.m2\repository\org\brotli\dec\0.1.2\dec-0.1.2.jar;C:\Users\ahamadhusain\.m2\repository\org\apache\commons\commons-lang3\3.12.0\commons-lang3-3.12.0.jar;C:\Users\ahamadhusain\.m2\repository\org\apache\httpcomponents\client5\httpclient5\5.1.3\httpclient5-5.1.3.jar;C:\Users\ahamadhusain\.m2\repository\org\apache\httpcomponents\core5\httpcore5\5.1.3\httpcore5-5.1.3.jar;C:\Users\ahamadhusain\.m2\repository\org\apache\httpcomponents\core5\httpcore5-h2\5.1.3\httpcore5-h2-5.1.3.jar;C:\Users\ahamadhusain\.m2\repository\org\apache\poi\poi-ooxml\4.1.2\poi-ooxml-4.1.2.jar;C:\Users\ahamadhusain\.m2\repository\org\apache\poi\poi-ooxml-schemas\4.1.2\poi-ooxml-schemas-4.1.2.jar;C:\Users\ahamadhusain\.m2\repository\org\apache\xmlbeans\xmlbeans\3.1.0\xmlbeans-3.1.0.jar;C:\Users\ahamadhusain\.m2\repository\org\apache\commons\commons-compress\1.19\commons-compress-1.19.jar;C:\Users\ahamadhusain\.m2\repository\com\github\virtuald\curvesapi\1.06\curvesapi-1.06.jar;C:\Users\ahamadhusain\.m2\repository\org\apache\poi\poi\4.1.2\poi-4.1.2.jar;C:\Users\ahamadhusain\.m2\repository\commons-codec\commons-codec\1.13\commons-codec-1.13.jar;C:\Users\ahamadhusain\.m2\repository\org\apache\commons\commons-collections4\4.4\commons-collections4-4.4.jar;C:\Users\ahamadhusain\.m2\repository\org\apache\commons\commons-math3\3.6.1\commons-math3-3.6.1.jar;C:\Users\ahamadhusain\.m2\repository\com\zaxxer\SparseBitSet\1.2\SparseBitSet-1.2.jar;"/>
    <property name="java.vm.vendor" value="OpenLogic"/>
    <property name="sun.arch.data.model" value="64"/>
    <property name="user.variant" value=""/>
    <property name="java.vendor.url" value="https://openlogic.com/"/>
    <property name="user.timezone" value="Asia/Calcutta"/>
    <property name="java.vm.specification.version" value="11"/>
    <property name="os.name" value="Windows 11"/>
    <property name="sun.java.launcher" value="SUN_STANDARD"/>
    <property name="user.country" value="IN"/>
    <property name="sun.boot.library.path" value="C:\Program Files\OpenJDK\jdk-11.0.17.8-hotspot\bin"/>
    <property name="sun.java.command" value="C:\Users\ahamadhusain\AppData\Local\Temp\surefire11870146392902150682\surefirebooter-20230109230308721_3.jar C:\Users\ahamadhusain\AppData\Local\Temp\surefire11870146392902150682 2023-01-09T23-03-07_884-jvmRun1 surefire-20230109230308721_1tmp surefire_0-20230109230308721_2tmp"/>
    <property name="jdk.debug" value="release"/>
    <property name="surefire.test.class.path" value="C:\Users\ahamadhusain\eclipse-workspace\ExitTest\target\test-classes;C:\Users\ahamadhusain\eclipse-workspace\ExitTest\target\classes;C:\Users\ahamadhusain\.m2\repository\junit\junit\3.8.1\junit-3.8.1.jar;C:\Users\ahamadhusain\.m2\repository\org\testng\testng\7.4.0\testng-7.4.0.jar;C:\Users\ahamadhusain\.m2\repository\com\beust\jcommander\1.78\jcommander-1.78.jar;C:\Users\ahamadhusain\.m2\repository\org\webjars\jquery\3.5.1\jquery-3.5.1.jar;C:\Users\ahamadhusain\.m2\repository\org\seleniumhq\selenium\selenium-java\4.4.0\selenium-java-4.4.0.jar;C:\Users\ahamadhusain\.m2\repository\org\seleniumhq\selenium\selenium-api\4.4.0\selenium-api-4.4.0.jar;C:\Users\ahamadhusain\.m2\repository\org\seleniumhq\selenium\selenium-chrome-driver\4.4.0\selenium-chrome-driver-4.4.0.jar;C:\Users\ahamadhusain\.m2\repository\com\google\auto\service\auto-service-annotations\1.0.1\auto-service-annotations-1.0.1.jar;C:\Users\ahamadhusain\.m2\repository\com\google\auto\service\auto-service\1.0.1\auto-service-1.0.1.jar;C:\Users\ahamadhusain\.m2\repository\com\google\auto\auto-common\1.2\auto-common-1.2.jar;C:\Users\ahamadhusain\.m2\repository\com\google\guava\guava\31.1-jre\guava-31.1-jre.jar;C:\Users\ahamadhusain\.m2\repository\com\google\guava\failureaccess\1.0.1\failureaccess-1.0.1.jar;C:\Users\ahamadhusain\.m2\repository\com\google\guava\listenablefuture\9999.0-empty-to-avoid-conflict-with-guava\listenablefuture-9999.0-empty-to-avoid-conflict-with-guava.jar;C:\Users\ahamadhusain\.m2\repository\com\google\code\findbugs\jsr305\3.0.2\jsr305-3.0.2.jar;C:\Users\ahamadhusain\.m2\repository\org\checkerframework\checker-qual\3.12.0\checker-qual-3.12.0.jar;C:\Users\ahamadhusain\.m2\repository\com\google\errorprone\error_prone_annotations\2.11.0\error_prone_annotations-2.11.0.jar;C:\Users\ahamadhusain\.m2\repository\com\google\j2objc\j2objc-annotations\1.3\j2objc-annotations-1.3.jar;C:\Users\ahamadhusain\.m2\repository\org\seleniumhq\selenium\selenium-chromium-driver\4.4.0\selenium-chromium-driver-4.4.0.jar;C:\Users\ahamadhusain\.m2\repository\org\seleniumhq\selenium\selenium-json\4.4.0\selenium-json-4.4.0.jar;C:\Users\ahamadhusain\.m2\repository\org\seleniumhq\selenium\selenium-devtools-v102\4.4.0\selenium-devtools-v102-4.4.0.jar;C:\Users\ahamadhusain\.m2\repository\org\seleniumhq\selenium\selenium-devtools-v103\4.4.0\selenium-devtools-v103-4.4.0.jar;C:\Users\ahamadhusain\.m2\repository\org\seleniumhq\selenium\selenium-devtools-v104\4.4.0\selenium-devtools-v104-4.4.0.jar;C:\Users\ahamadhusain\.m2\repository\org\seleniumhq\selenium\selenium-devtools-v85\4.4.0\selenium-devtools-v85-4.4.0.jar;C:\Users\ahamadhusain\.m2\repository\org\seleniumhq\selenium\selenium-edge-driver\4.4.0\selenium-edge-driver-4.4.0.jar;C:\Users\ahamadhusain\.m2\repository\org\seleniumhq\selenium\selenium-firefox-driver\4.4.0\selenium-firefox-driver-4.4.0.jar;C:\Users\ahamadhusain\.m2\repository\org\seleniumhq\selenium\selenium-ie-driver\4.4.0\selenium-ie-driver-4.4.0.jar;C:\Users\ahamadhusain\.m2\repository\org\seleniumhq\selenium\selenium-opera-driver\4.4.0\selenium-opera-driver-4.4.0.jar;C:\Users\ahamadhusain\.m2\repository\org\seleniumhq\selenium\selenium-remote-driver\4.4.0\selenium-remote-driver-4.4.0.jar;C:\Users\ahamadhusain\.m2\repository\io\netty\netty-buffer\4.1.78.Final\netty-buffer-4.1.78.Final.jar;C:\Users\ahamadhusain\.m2\repository\io\netty\netty-codec-http\4.1.78.Final\netty-codec-http-4.1.78.Final.jar;C:\Users\ahamadhusain\.m2\repository\io\netty\netty-codec\4.1.78.Final\netty-codec-4.1.78.Final.jar;C:\Users\ahamadhusain\.m2\repository\io\netty\netty-handler\4.1.78.Final\netty-handler-4.1.78.Final.jar;C:\Users\ahamadhusain\.m2\repository\io\netty\netty-common\4.1.78.Final\netty-common-4.1.78.Final.jar;C:\Users\ahamadhusain\.m2\repository\io\netty\netty-transport-classes-epoll\4.1.78.Final\netty-transport-classes-epoll-4.1.78.Final.jar;C:\Users\ahamadhusain\.m2\repository\io\netty\netty-transport-classes-kqueue\4.1.78.Final\netty-transport-classes-kqueue-4.1.78.Final.jar;C:\Users\ahamadhusain\.m2\repository\io\netty\netty-transport-native-epoll\4.1.78.Final\netty-transport-native-epoll-4.1.78.Final.jar;C:\Users\ahamadhusain\.m2\repository\io\netty\netty-transport-native-kqueue\4.1.78.Final\netty-transport-native-kqueue-4.1.78.Final.jar;C:\Users\ahamadhusain\.m2\repository\io\netty\netty-transport-native-unix-common\4.1.78.Final\netty-transport-native-unix-common-4.1.78.Final.jar;C:\Users\ahamadhusain\.m2\repository\io\netty\netty-transport\4.1.78.Final\netty-transport-4.1.78.Final.jar;C:\Users\ahamadhusain\.m2\repository\io\netty\netty-resolver\4.1.78.Final\netty-resolver-4.1.78.Final.jar;C:\Users\ahamadhusain\.m2\repository\io\opentelemetry\opentelemetry-api\1.16.0\opentelemetry-api-1.16.0.jar;C:\Users\ahamadhusain\.m2\repository\io\opentelemetry\opentelemetry-context\1.16.0\opentelemetry-context-1.16.0.jar;C:\Users\ahamadhusain\.m2\repository\io\opentelemetry\opentelemetry-exporter-logging\1.16.0\opentelemetry-exporter-logging-1.16.0.jar;C:\Users\ahamadhusain\.m2\repository\io\opentelemetry\opentelemetry-sdk-metrics\1.16.0\opentelemetry-sdk-metrics-1.16.0.jar;C:\Users\ahamadhusain\.m2\repository\io\opentelemetry\opentelemetry-sdk-logs\1.16.0-alpha\opentelemetry-sdk-logs-1.16.0-alpha.jar;C:\Users\ahamadhusain\.m2\repository\io\opentelemetry\opentelemetry-sdk-common\1.16.0\opentelemetry-sdk-common-1.16.0.jar;C:\Users\ahamadhusain\.m2\repository\io\opentelemetry\opentelemetry-sdk-extension-autoconfigure-spi\1.16.0\opentelemetry-sdk-extension-autoconfigure-spi-1.16.0.jar;C:\Users\ahamadhusain\.m2\repository\io\opentelemetry\opentelemetry-sdk-extension-autoconfigure\1.16.0-alpha\opentelemetry-sdk-extension-autoconfigure-1.16.0-alpha.jar;C:\Users\ahamadhusain\.m2\repository\io\opentelemetry\opentelemetry-sdk-trace\1.16.0\opentelemetry-sdk-trace-1.16.0.jar;C:\Users\ahamadhusain\.m2\repository\io\opentelemetry\opentelemetry-sdk\1.16.0\opentelemetry-sdk-1.16.0.jar;C:\Users\ahamadhusain\.m2\repository\io\opentelemetry\opentelemetry-semconv\1.16.0-alpha\opentelemetry-semconv-1.16.0-alpha.jar;C:\Users\ahamadhusain\.m2\repository\io\ous\jtoml\2.0.0\jtoml-2.0.0.jar;C:\Users\ahamadhusain\.m2\repository\net\bytebuddy\byte-buddy\1.12.10\byte-buddy-1.12.10.jar;C:\Users\ahamadhusain\.m2\repository\org\apache\commons\commons-exec\1.3\commons-exec-1.3.jar;C:\Users\ahamadhusain\.m2\repository\org\asynchttpclient\async-http-client\2.12.3\async-http-client-2.12.3.jar;C:\Users\ahamadhusain\.m2\repository\org\asynchttpclient\async-http-client-netty-utils\2.12.3\async-http-client-netty-utils-2.12.3.jar;C:\Users\ahamadhusain\.m2\repository\io\netty\netty-codec-socks\4.1.60.Final\netty-codec-socks-4.1.60.Final.jar;C:\Users\ahamadhusain\.m2\repository\io\netty\netty-handler-proxy\4.1.60.Final\netty-handler-proxy-4.1.60.Final.jar;C:\Users\ahamadhusain\.m2\repository\io\netty\netty-transport-native-epoll\4.1.60.Final\netty-transport-native-epoll-4.1.60.Final-linux-x86_64.jar;C:\Users\ahamadhusain\.m2\repository\io\netty\netty-transport-native-kqueue\4.1.60.Final\netty-transport-native-kqueue-4.1.60.Final-osx-x86_64.jar;C:\Users\ahamadhusain\.m2\repository\org\reactivestreams\reactive-streams\1.0.3\reactive-streams-1.0.3.jar;C:\Users\ahamadhusain\.m2\repository\com\typesafe\netty\netty-reactive-streams\2.0.4\netty-reactive-streams-2.0.4.jar;C:\Users\ahamadhusain\.m2\repository\com\sun\activation\jakarta.activation\1.2.2\jakarta.activation-1.2.2.jar;C:\Users\ahamadhusain\.m2\repository\org\seleniumhq\selenium\selenium-http\4.4.0\selenium-http-4.4.0.jar;C:\Users\ahamadhusain\.m2\repository\dev\failsafe\failsafe\3.2.4\failsafe-3.2.4.jar;C:\Users\ahamadhusain\.m2\repository\org\seleniumhq\selenium\selenium-safari-driver\4.4.0\selenium-safari-driver-4.4.0.jar;C:\Users\ahamadhusain\.m2\repository\org\seleniumhq\selenium\selenium-support\4.4.0\selenium-support-4.4.0.jar;C:\Users\ahamadhusain\.m2\repository\commons-io\commons-io\2.6\commons-io-2.6.jar;C:\Users\ahamadhusain\.m2\repository\com\relevantcodes\extentreports\2.41.2\extentreports-2.41.2.jar;C:\Users\ahamadhusain\.m2\repository\org\jsoup\jsoup\1.8.3\jsoup-1.8.3.jar;C:\Users\ahamadhusain\.m2\repository\org\xerial\sqlite-jdbc\3.8.11.1\sqlite-jdbc-3.8.11.1.jar;C:\Users\ahamadhusain\.m2\repository\org\freemarker\freemarker\2.3.23\freemarker-2.3.23.jar;C:\Users\ahamadhusain\.m2\repository\org\mongodb\mongodb-driver\3.0.4\mongodb-driver-3.0.4.jar;C:\Users\ahamadhusain\.m2\repository\org\mongodb\bson\3.0.4\bson-3.0.4.jar;C:\Users\ahamadhusain\.m2\repository\org\mongodb\mongodb-driver-core\3.0.4\mongodb-driver-core-3.0.4.jar;C:\Users\ahamadhusain\.m2\repository\log4j\log4j\1.2.17\log4j-1.2.17.jar;C:\Users\ahamadhusain\.m2\repository\io\github\bonigarcia\webdrivermanager\5.3.1\webdrivermanager-5.3.1.jar;C:\Users\ahamadhusain\.m2\repository\org\slf4j\slf4j-api\2.0.3\slf4j-api-2.0.3.jar;C:\Users\ahamadhusain\.m2\repository\com\google\code\gson\gson\2.10\gson-2.10.jar;C:\Users\ahamadhusain\.m2\repository\com\github\docker-java\docker-java\3.2.13\docker-java-3.2.13.jar;C:\Users\ahamadhusain\.m2\repository\com\github\docker-java\docker-java-core\3.2.13\docker-java-core-3.2.13.jar;C:\Users\ahamadhusain\.m2\repository\com\github\docker-java\docker-java-api\3.2.13\docker-java-api-3.2.13.jar;C:\Users\ahamadhusain\.m2\repository\com\fasterxml\jackson\core\jackson-annotations\2.10.3\jackson-annotations-2.10.3.jar;C:\Users\ahamadhusain\.m2\repository\com\fasterxml\jackson\core\jackson-databind\2.10.3\jackson-databind-2.10.3.jar;C:\Users\ahamadhusain\.m2\repository\com\fasterxml\jackson\core\jackson-core\2.10.3\jackson-core-2.10.3.jar;C:\Users\ahamadhusain\.m2\repository\org\bouncycastle\bcpkix-jdk15on\1.64\bcpkix-jdk15on-1.64.jar;C:\Users\ahamadhusain\.m2\repository\org\bouncycastle\bcprov-jdk15on\1.64\bcprov-jdk15on-1.64.jar;C:\Users\ahamadhusain\.m2\repository\org\slf4j\jcl-over-slf4j\1.7.30\jcl-over-slf4j-1.7.30.jar;C:\Users\ahamadhusain\.m2\repository\com\github\docker-java\docker-java-transport-httpclient5\3.2.13\docker-java-transport-httpclient5-3.2.13.jar;C:\Users\ahamadhusain\.m2\repository\com\github\docker-java\docker-java-transport\3.2.13\docker-java-transport-3.2.13.jar;C:\Users\ahamadhusain\.m2\repository\net\java\dev\jna\jna\5.8.0\jna-5.8.0.jar;C:\Users\ahamadhusain\.m2\repository\org\brotli\dec\0.1.2\dec-0.1.2.jar;C:\Users\ahamadhusain\.m2\repository\org\apache\commons\commons-lang3\3.12.0\commons-lang3-3.12.0.jar;C:\Users\ahamadhusain\.m2\repository\org\apache\httpcomponents\client5\httpclient5\5.1.3\httpclient5-5.1.3.jar;C:\Users\ahamadhusain\.m2\repository\org\apache\httpcomponents\core5\httpcore5\5.1.3\httpcore5-5.1.3.jar;C:\Users\ahamadhusain\.m2\repository\org\apache\httpcomponents\core5\httpcore5-h2\5.1.3\httpcore5-h2-5.1.3.jar;C:\Users\ahamadhusain\.m2\repository\org\apache\poi\poi-ooxml\4.1.2\poi-ooxml-4.1.2.jar;C:\Users\ahamadhusain\.m2\repository\org\apache\poi\poi-ooxml-schemas\4.1.2\poi-ooxml-schemas-4.1.2.jar;C:\Users\ahamadhusain\.m2\repository\org\apache\xmlbeans\xmlbeans\3.1.0\xmlbeans-3.1.0.jar;C:\Users\ahamadhusain\.m2\repository\org\apache\commons\commons-compress\1.19\commons-compress-1.19.jar;C:\Users\ahamadhusain\.m2\repository\com\github\virtuald\curvesapi\1.06\curvesapi-1.06.jar;C:\Users\ahamadhusain\.m2\repository\org\apache\poi\poi\4.1.2\poi-4.1.2.jar;C:\Users\ahamadhusain\.m2\repository\commons-codec\commons-codec\1.13\commons-codec-1.13.jar;C:\Users\ahamadhusain\.m2\repository\org\apache\commons\commons-collections4\4.4\commons-collections4-4.4.jar;C:\Users\ahamadhusain\.m2\repository\org\apache\commons\commons-math3\3.6.1\commons-math3-3.6.1.jar;C:\Users\ahamadhusain\.m2\repository\com\zaxxer\SparseBitSet\1.2\SparseBitSet-1.2.jar;"/>
    <property name="sun.cpu.endian" value="little"/>
    <property name="user.home" value="C:\Users\ahamadhusain"/>
    <property name="user.language" value="en"/>
    <property name="java.specification.vendor" value="Oracle Corporation"/>
    <property name="java.version.date" value="2022-10-18"/>
    <property name="java.home" value="C:\Program Files\OpenJDK\jdk-11.0.17.8-hotspot"/>
    <property name="file.separator" value="\"/>
    <property name="basedir" value="C:\Users\ahamadhusain\eclipse-workspace\ExitTest"/>
    <property name="java.vm.compressedOopsMode" value="Zero based"/>
    <property name="line.separator" value="&#10;"/>
    <property name="java.specification.name" value="Java Platform API Specification"/>
    <property name="java.vm.specification.vendor" value="Oracle Corporation"/>
    <property name="java.awt.graphicsenv" value="sun.awt.Win32GraphicsEnvironment"/>
    <property name="surefire.real.class.path" value="C:\Users\ahamadhusain\AppData\Local\Temp\surefire11870146392902150682\surefirebooter-20230109230308721_3.jar"/>
    <property name="user.script" value=""/>
    <property name="sun.management.compiler" value="HotSpot 64-Bit Tiered Compilers"/>
    <property name="java.runtime.version" value="11.0.17+8-adhoc..jdk11u"/>
    <property name="user.name" value="ahamadhusain"/>
    <property name="path.separator" value=";"/>
    <property name="os.version" value="10.0"/>
    <property name="java.runtime.name" value="OpenJDK Runtime Environment"/>
    <property name="file.encoding" value="Cp1252"/>
    <property name="java.vm.name" value="OpenJDK 64-Bit Server VM"/>
    <property name="java.vendor.version" value="OpenLogic-OpenJDK"/>
    <property name="localRepository" value="C:\Users\ahamadhusain\.m2\repository"/>
    <property name="java.vendor.url.bug" value="https://techsupport.roguewave.com/"/>
    <property name="java.io.tmpdir" value="C:\Users\AHAMAD~1\AppData\Local\Temp\"/>
    <property name="java.version" value="11.0.17"/>
    <property name="user.dir" value="C:\Users\ahamadhusain\eclipse-workspace\ExitTest"/>
    <property name="os.arch" value="amd64"/>
    <property name="java.vm.specification.name" value="Java Virtual Machine Specification"/>
    <property name="java.awt.printerjob" value="sun.awt.windows.WPrinterJob"/>
    <property name="sun.os.patch.level" value=""/>
    <property name="java.library.path" value="C:\Program Files\OpenJDK\jdk-11.0.17.8-hotspot\bin;C:\Windows\Sun\Java\bin;C:\Windows\system32;C:\Windows;C:\Program Files\OpenJDK\jdk-11.0.17.8-hotspot\bin;C:\Windows\system32;C:\Windows;C:\Windows\System32\Wbem;C:\Windows\System32\WindowsPowerShell\v1.0\;C:\Windows\System32\OpenSSH\;C:\Program Files\TortoiseSVN\bin;C:\Program Files\dotnet\;C:\Program Files\Microsoft SQL Server\130\Tools\Binn\;C:\Program Files\Microsoft SQL Server\Client SDK\ODBC\170\Tools\Binn\;C:\Program Files\OpenJDK\jdk-11.0.17.8-hotspot\\bin;C:\Program Files\Git\cmd;C:\Program Files\nodejs\;C:\Program Files (x86)\Microsoft SQL Server\150\DTS\Binn\;C:\Program Files\Azure Data Studio\bin;C:\Program Files (x86)\Microsoft SQL Server\140\Tools\Binn\;C:\Program Files\Microsoft SQL Server\140\Tools\Binn\;C:\Program Files (x86)\Microsoft SQL Server\140\DTS\Binn\;C:\Program Files\Microsoft SQL Server\140\DTS\Binn\;C:\Program Files\Microsoft SQL Server\Client SDK\ODBC\130\Tools\Binn\;C:\apache-maven-3.6.3\bin;C:\Users\ahamadhusain\AppData\Local\Android\Sdk\platform-tools;C:\Users\ahamadhusain\AppData\Local\Android\Sdk\tools;C:\Users\ahamadhusain\AppData\Local\Programs\Python\Python37\Scripts\;C:\Users\ahamadhusain\AppData\Local\Programs\Python\Python37\;C:\Users\ahamadhusain\AppData\Local\Microsoft\WindowsApps;C:\Users\ahamadhusain\.dotnet\tools;C:\Users\ahamadhusain\AppData\Roaming\npm;C:\Users\ahamadhusain\AppData\Local\Programs\Microsoft VS Code\bin;C:\Program Files\JetBrains\PyCharm Community Edition 2022.2.1\bin;C:\Program Files\JetBrains\IntelliJ IDEA Community Edition 2022.2.4\bin;."/>
    <property name="java.vm.info" value="mixed mode"/>
    <property name="java.vendor" value="OpenLogic"/>
    <property name="java.vm.version" value="11.0.17+8-adhoc..jdk11u"/>
    <property name="sun.io.unicode.encoding" value="UnicodeLittle"/>
    <property name="java.class.version" value="55.0"/>
  </properties>
  <testcase name="Test_verify_Title" classname="Flipkart.ExitTest.Test_Basic_Flipkart" time="0.135">
    <system-out><![CDATA[01-09-2023 23:03:12 InternalLoggerFactory.java DEBUG [main] logging.InternalLoggerFactory 89 - Using Log4J as the default logging framework
01-09-2023 23:03:12 ResourceLeakDetector.java DEBUG [main] util.ResourceLeakDetector 129 - -Dio.netty.leakDetection.level: simple
01-09-2023 23:03:12 ResourceLeakDetector.java DEBUG [main] util.ResourceLeakDetector 130 - -Dio.netty.leakDetection.targetRecords: 4
01-09-2023 23:03:12 ResourceLeakDetectorFactory.java DEBUG [main] util.ResourceLeakDetectorFactory 196 - Loaded default ResourceLeakDetector: io.netty.util.ResourceLeakDetector@681adc8f
01-09-2023 23:03:12 PlatformDependent0.java DEBUG [main] internal.PlatformDependent0 495 - -Dio.netty.noUnsafe: false
01-09-2023 23:03:12 PlatformDependent0.java DEBUG [main] internal.PlatformDependent0 998 - Java version: 11
01-09-2023 23:03:12 PlatformDependent0.java DEBUG [main] internal.PlatformDependent0 136 - sun.misc.Unsafe.theUnsafe: available
01-09-2023 23:03:12 PlatformDependent0.java DEBUG [main] internal.PlatformDependent0 160 - sun.misc.Unsafe.copyMemory: available
01-09-2023 23:03:12 PlatformDependent0.java DEBUG [main] internal.PlatformDependent0 192 - sun.misc.Unsafe.storeFence: available
01-09-2023 23:03:12 PlatformDependent0.java DEBUG [main] internal.PlatformDependent0 235 - java.nio.Buffer.address: available
01-09-2023 23:03:12 PlatformDependent0.java DEBUG [main] internal.PlatformDependent0 319 - direct buffer constructor: unavailable: Reflective setAccessible(true) disabled
01-09-2023 23:03:12 PlatformDependent0.java DEBUG [main] internal.PlatformDependent0 384 - java.nio.Bits.unaligned: available, true
01-09-2023 23:03:12 PlatformDependent0.java DEBUG [main] internal.PlatformDependent0 451 - jdk.internal.misc.Unsafe.allocateUninitializedArray(int): unavailable: class io.netty.util.internal.PlatformDependent0$7 cannot access class jdk.internal.misc.Unsafe (in module java.base) because module java.base does not export jdk.internal.misc to unnamed module @50468873
01-09-2023 23:03:12 PlatformDependent0.java DEBUG [main] internal.PlatformDependent0 481 - java.nio.DirectByteBuffer.<init>(long, int): unavailable
01-09-2023 23:03:12 PlatformDependent.java DEBUG [main] internal.PlatformDependent 1120 - sun.misc.Unsafe: available
01-09-2023 23:03:12 PlatformDependent.java DEBUG [main] internal.PlatformDependent 1231 - maxDirectMemory: 4204789760 bytes (maybe)
01-09-2023 23:03:12 PlatformDependent.java DEBUG [main] internal.PlatformDependent 1250 - -Dio.netty.tmpdir: C:\Users\AHAMAD~1\AppData\Local\Temp (java.io.tmpdir)
01-09-2023 23:03:12 PlatformDependent.java DEBUG [main] internal.PlatformDependent 1329 - -Dio.netty.bitMode: 64 (sun.arch.data.model)
01-09-2023 23:03:12 PlatformDependent.java DEBUG [main] internal.PlatformDependent 1080 - Platform: Windows
01-09-2023 23:03:12 PlatformDependent.java DEBUG [main] internal.PlatformDependent 178 - -Dio.netty.maxDirectMemory: -1 bytes
01-09-2023 23:03:12 PlatformDependent.java DEBUG [main] internal.PlatformDependent 185 - -Dio.netty.uninitializedArrayAllocationThreshold: -1
01-09-2023 23:03:12 CleanerJava9.java DEBUG [main] internal.CleanerJava9 71 - java.nio.ByteBuffer.cleaner(): available
01-09-2023 23:03:12 PlatformDependent.java DEBUG [main] internal.PlatformDependent 205 - -Dio.netty.noPreferDirect: false
01-09-2023 23:03:12 PlatformDependent.java DEBUG [main] internal.PlatformDependent 971 - org.jctools-core.MpscChunkedArrayQueue: available
01-09-2023 23:03:13 InternalThreadLocalMap.java DEBUG [main] internal.InternalThreadLocalMap 86 - -Dio.netty.threadLocalMap.stringBuilder.initialSize: 1024
01-09-2023 23:03:13 InternalThreadLocalMap.java DEBUG [main] internal.InternalThreadLocalMap 89 - -Dio.netty.threadLocalMap.stringBuilder.maxSize: 4096
01-09-2023 23:03:13 JdkSslContext.java DEBUG [main] ssl.JdkSslContext 83 - Default protocols (JDK): [TLSv1.3, TLSv1.2] 
01-09-2023 23:03:13 JdkSslContext.java DEBUG [main] ssl.JdkSslContext 84 - Default cipher suites (JDK): [TLS_ECDHE_ECDSA_WITH_AES_256_GCM_SHA384, TLS_ECDHE_ECDSA_WITH_AES_128_GCM_SHA256, TLS_ECDHE_RSA_WITH_AES_128_GCM_SHA256, TLS_ECDHE_RSA_WITH_AES_256_GCM_SHA384, TLS_ECDHE_RSA_WITH_AES_128_CBC_SHA, TLS_ECDHE_RSA_WITH_AES_256_CBC_SHA, TLS_RSA_WITH_AES_128_GCM_SHA256, TLS_RSA_WITH_AES_128_CBC_SHA, TLS_RSA_WITH_AES_256_CBC_SHA, TLS_AES_128_GCM_SHA256, TLS_AES_256_GCM_SHA384]
01-09-2023 23:03:13 MultithreadEventLoopGroup.java DEBUG [main] channel.MultithreadEventLoopGroup 44 - -Dio.netty.eventLoopThreads: 16
01-09-2023 23:03:13 NioEventLoop.java DEBUG [main] nio.NioEventLoop 109 - -Dio.netty.noKeySetOptimization: false
01-09-2023 23:03:13 NioEventLoop.java DEBUG [main] nio.NioEventLoop 110 - -Dio.netty.selectorAutoRebuildThreshold: 512
01-09-2023 23:03:13 PooledByteBufAllocator.java DEBUG [main] buffer.PooledByteBufAllocator 157 - -Dio.netty.allocator.numHeapArenas: 16
01-09-2023 23:03:13 PooledByteBufAllocator.java DEBUG [main] buffer.PooledByteBufAllocator 158 - -Dio.netty.allocator.numDirectArenas: 16
01-09-2023 23:03:13 PooledByteBufAllocator.java DEBUG [main] buffer.PooledByteBufAllocator 160 - -Dio.netty.allocator.pageSize: 8192
01-09-2023 23:03:13 PooledByteBufAllocator.java DEBUG [main] buffer.PooledByteBufAllocator 165 - -Dio.netty.allocator.maxOrder: 9
01-09-2023 23:03:13 PooledByteBufAllocator.java DEBUG [main] buffer.PooledByteBufAllocator 169 - -Dio.netty.allocator.chunkSize: 4194304
01-09-2023 23:03:13 PooledByteBufAllocator.java DEBUG [main] buffer.PooledByteBufAllocator 170 - -Dio.netty.allocator.smallCacheSize: 256
01-09-2023 23:03:13 PooledByteBufAllocator.java DEBUG [main] buffer.PooledByteBufAllocator 171 - -Dio.netty.allocator.normalCacheSize: 64
01-09-2023 23:03:13 PooledByteBufAllocator.java DEBUG [main] buffer.PooledByteBufAllocator 172 - -Dio.netty.allocator.maxCachedBufferCapacity: 32768
01-09-2023 23:03:13 PooledByteBufAllocator.java DEBUG [main] buffer.PooledByteBufAllocator 173 - -Dio.netty.allocator.cacheTrimInterval: 8192
01-09-2023 23:03:13 PooledByteBufAllocator.java DEBUG [main] buffer.PooledByteBufAllocator 174 - -Dio.netty.allocator.cacheTrimIntervalMillis: 0
01-09-2023 23:03:13 PooledByteBufAllocator.java DEBUG [main] buffer.PooledByteBufAllocator 175 - -Dio.netty.allocator.useCacheForAllThreads: false
01-09-2023 23:03:13 PooledByteBufAllocator.java DEBUG [main] buffer.PooledByteBufAllocator 176 - -Dio.netty.allocator.maxCachedByteBuffersPerChunk: 1023
01-09-2023 23:03:13 ByteBufUtil.java DEBUG [main] buffer.ByteBufUtil 87 - -Dio.netty.allocator.type: pooled
01-09-2023 23:03:13 ByteBufUtil.java DEBUG [main] buffer.ByteBufUtil 96 - -Dio.netty.threadLocalDirectBufferSize: 0
01-09-2023 23:03:13 ByteBufUtil.java DEBUG [main] buffer.ByteBufUtil 99 - -Dio.netty.maxThreadLocalCharBufferSize: 16384
01-09-2023 23:03:13 DefaultChannelId.java DEBUG [Forwarding newSession on session null to remote] channel.DefaultChannelId 79 - -Dio.netty.processId: 30036 (auto-detected)
01-09-2023 23:03:13 NetUtil.java DEBUG [Forwarding newSession on session null to remote] util.NetUtil 136 - -Djava.net.preferIPv4Stack: false
01-09-2023 23:03:13 NetUtil.java DEBUG [Forwarding newSession on session null to remote] util.NetUtil 137 - -Djava.net.preferIPv6Addresses: false
01-09-2023 23:03:14 NetUtilInitializations.java DEBUG [Forwarding newSession on session null to remote] util.NetUtilInitializations 129 - Loopback interface: lo (Software Loopback Interface 1, 127.0.0.1)
01-09-2023 23:03:14 NetUtil.java DEBUG [Forwarding newSession on session null to remote] util.NetUtil 191 - Failed to get SOMAXCONN from sysctl and file \proc\sys\net\core\somaxconn. Default: 200
01-09-2023 23:03:14 DefaultChannelId.java DEBUG [Forwarding newSession on session null to remote] channel.DefaultChannelId 101 - -Dio.netty.machineId: c0:3c:59:ff:fe:b5:1b:7f (auto-detected)
01-09-2023 23:03:14 AbstractByteBuf.java DEBUG [AsyncHttpClient-1-2] buffer.AbstractByteBuf 63 - -Dio.netty.buffer.checkAccessible: true
01-09-2023 23:03:14 AbstractByteBuf.java DEBUG [AsyncHttpClient-1-2] buffer.AbstractByteBuf 64 - -Dio.netty.buffer.checkBounds: true
01-09-2023 23:03:14 ResourceLeakDetectorFactory.java DEBUG [AsyncHttpClient-1-2] util.ResourceLeakDetectorFactory 196 - Loaded default ResourceLeakDetector: io.netty.util.ResourceLeakDetector@3523d34d
01-09-2023 23:03:14 Recycler.java DEBUG [AsyncHttpClient-1-2] util.Recycler 85 - -Dio.netty.recycler.maxCapacityPerThread: 4096
01-09-2023 23:03:14 Recycler.java DEBUG [AsyncHttpClient-1-2] util.Recycler 86 - -Dio.netty.recycler.ratio: 8
01-09-2023 23:03:14 Recycler.java DEBUG [AsyncHttpClient-1-2] util.Recycler 87 - -Dio.netty.recycler.chunkSize: 32
01-09-2023 23:03:14 Recycler.java DEBUG [AsyncHttpClient-1-2] util.Recycler 88 - -Dio.netty.recycler.blocking: false
01-09-2023 23:03:15 Brotli.java DEBUG [AsyncHttpClient-1-2] compression.Brotli 38 - brotli4j not in the classpath; Brotli support will be unavailable.
01-09-2023 23:03:16 ThreadLocalRandom.java DEBUG [main] internal.ThreadLocalRandom 214 - -Dio.netty.initialSeedUniquifier: 0x361384d0e9d99554

01-09-2023 23:04:01 Test_Basic_Flipkart.java INFO  [main] Excel_Utils.ExcelManger 20 - Flipkart url Opened
01-09-2023 23:04:01 Test_Basic_Flipkart.java INFO  [main] Excel_Utils.ExcelManger 22 - Login Pop up cancelled
01-09-2023 23:04:01 Test_Basic_Flipkart.java INFO  [main] Excel_Utils.ExcelManger 33 - Flipkart Title Assertion successfully
01-09-2023 23:04:01 Test_Basic_Flipkart.java INFO  [main] Excel_Utils.ExcelManger 34 - Test Case_1 --> Test_verify_Title --> Passed
]]></system-out>
    <system-err><![CDATA[Jan 09, 2023 11:03:12 PM com.relevantcodes.extentreports.ExtentReports loadConfig
WARNING: Unable to perform report configuration. The file C:\Users\ahamadhusain\eclipse-workspace\ExitTest\null\reportConfig.xml was not found.
SLF4J: No SLF4J providers were found.
SLF4J: Defaulting to no-operation (NOP) logger implementation
SLF4J: See https://www.slf4j.org/codes.html#noProviders for further details.
Starting ChromeDriver 108.0.5359.71 (1e0e3868ee06e91ad636a874420e3ca3ae3756ac-refs/branch-heads/5359@{#1016}) on port 51948
Only local connections are allowed.
Please see https://chromedriver.chromium.org/security-considerations for suggestions on keeping ChromeDriver safe.
ChromeDriver was started successfully.
Jan 09, 2023 11:03:15 PM org.openqa.selenium.remote.ProtocolHandshake createSession
INFO: Detected upstream dialect: W3C
Jan 09, 2023 11:03:16 PM org.openqa.selenium.devtools.CdpVersionFinder findNearestMatch
WARNING: Unable to find an exact match for CDP version 108, so returning the closest version found: 104
Jan 09, 2023 11:03:16 PM org.openqa.selenium.devtools.CdpVersionFinder findNearestMatch
INFO: Found CDP implementation for version 108 of 104
]]></system-err>
  </testcase>
  <testcase name="Test_loginFlipkart" classname="Flipkart.ExitTest.Test_Basic_Flipkart" time="3.304">
    <system-out><![CDATA[Test_verify_Title
01-09-2023 23:04:05 Test_Basic_Flipkart.java INFO  [main] Excel_Utils.ExcelManger 50 - Login Button Clicked
01-09-2023 23:04:06 Test_Basic_Flipkart.java INFO  [main] Excel_Utils.ExcelManger 52 - Mob No. Entered
01-09-2023 23:04:06 Test_Basic_Flipkart.java INFO  [main] Excel_Utils.ExcelManger 54 - Clicked On Request OTP
01-09-2023 23:04:06 Test_Basic_Flipkart.java INFO  [main] Excel_Utils.ExcelManger 55 - Test Case_2 --> Test_loginFlipkart --> Passed
]]></system-out>
  </testcase>
  <testcase name="Test_Search_Item" classname="Flipkart.ExitTest.Test_Basic_Flipkart" time="4.26">
    <system-out><![CDATA[Test_loginFlipkart
01-09-2023 23:04:10 Test_Basic_Flipkart.java INFO  [main] Excel_Utils.ExcelManger 69 - Item Entered For Searching
01-09-2023 23:04:12 Test_Basic_Flipkart.java INFO  [main] Excel_Utils.ExcelManger 71 - Searche button clicked
01-09-2023 23:04:12 Test_Basic_Flipkart.java INFO  [main] Excel_Utils.ExcelManger 72 - Test Case_3 --> Test_Search_Item --> Passed
]]></system-out>
  </testcase>
  <testcase name="Test_MensFasion" classname="Flipkart.ExitTest.Test_Headers" time="6.021">
    <system-out><![CDATA[Test_Search_Item
01-09-2023 23:04:13 Test_Headers.java INFO  [main] Excel_Utils.ExcelManger 23 - {=, Execution Required=yes, TestCaseNames=Test_MensFasion}
01-09-2023 23:04:19 Test_Headers.java INFO  [main] Excel_Utils.ExcelManger 28 - Fashion header Opend
01-09-2023 23:04:19 Test_Headers.java INFO  [main] Excel_Utils.ExcelManger 33 - Fashion Page working Properly
01-09-2023 23:04:19 Test_Headers.java INFO  [main] Excel_Utils.ExcelManger 35 - Test Case_4--> Test_MensFasion --> Passed 
]]></system-out>
  </testcase>
  <testcase name="Test_Home_Furnishings" classname="Flipkart.ExitTest.Test_Headers" time="7.175">
    <system-out><![CDATA[Test_MensFasion
01-09-2023 23:04:20 Test_Headers.java INFO  [main] Excel_Utils.ExcelManger 47 - {=, Execution Required=yes, TestCaseNames=Test_Home_Furnishings}
01-09-2023 23:04:27 Test_Headers.java INFO  [main] Excel_Utils.ExcelManger 52 - Home Furninshing CLicked
01-09-2023 23:04:27 Test_Headers.java INFO  [main] Excel_Utils.ExcelManger 57 - Home Page working Properly
01-09-2023 23:04:27 Test_Headers.java INFO  [main] Excel_Utils.ExcelManger 59 - Test Case_5 --> Test_Home_Furnishings --> Passed 
]]></system-out>
  </testcase>
  <testcase name="Test_Top_offer" classname="Flipkart.ExitTest.Test_Headers" time="3.105">
    <system-out><![CDATA[Test_Home_Furnishings
01-09-2023 23:04:32 Test_Headers.java INFO  [main] Excel_Utils.ExcelManger 74 - Top Offer Clicked
01-09-2023 23:04:32 Test_Headers.java INFO  [main] Excel_Utils.ExcelManger 78 - Top Offer working Properly
01-09-2023 23:04:32 Test_Headers.java INFO  [main] Excel_Utils.ExcelManger 79 - Test Case_6 --> Test_Top_offer --> Passed 
]]></system-out>
  </testcase>
  <testcase name="Test_MotorVehicle" classname="Flipkart.ExitTest.Test_Headers" time="9.403">
    <system-out><![CDATA[Test_Top_offer
01-09-2023 23:04:42 Test_Headers.java INFO  [main] Excel_Utils.ExcelManger 94 - Motor Vehicle Clicked
01-09-2023 23:04:42 Test_Headers.java INFO  [main] Excel_Utils.ExcelManger 99 - Motor Vehicle working Properly
01-09-2023 23:04:42 Test_Headers.java INFO  [main] Excel_Utils.ExcelManger 101 - Test Case_7 --> Test_MotorVehicle --> Passed 
]]></system-out>
  </testcase>
  <testcase name="Test_BestSeller" classname="Flipkart.ExitTest.Test_Headers" time="25.968">
    <system-out><![CDATA[Test_MotorVehicle
01-09-2023 23:04:55 Test_Headers.java INFO  [main] Excel_Utils.ExcelManger 116 - Best seller clicked
01-09-2023 23:05:01 Test_Headers.java INFO  [main] Excel_Utils.ExcelManger 119 - clicked on Start selling
01-09-2023 23:05:03 Test_Headers.java INFO  [main] Excel_Utils.ExcelManger 122 - Email Entered
01-09-2023 23:05:07 Test_Headers.java INFO  [main] Excel_Utils.ExcelManger 125 - GST No Entered
01-09-2023 23:05:09 Test_Headers.java INFO  [main] Excel_Utils.ExcelManger 128 - Best Seller Regiter Complete
01-09-2023 23:05:09 Test_Headers.java INFO  [main] Excel_Utils.ExcelManger 130 - Test Case_8 --> Test_BestSeller --> Passed 
]]></system-out>
  </testcase>
  <testcase name="Test_compare_product" classname="Flipkart.ExitTest.Test_SearchFuctionality" time="12.257">
    <system-out><![CDATA[Test_BestSeller
01-09-2023 23:05:11 Test_SearchFuctionality.java INFO  [main] Excel_Utils.ExcelManger 29 - {=, Execution Required=yes, TestCaseNames=Test_compare_product}
01-09-2023 23:05:11 Test_SearchFuctionality.java INFO  [main] Excel_Utils.ExcelManger 34 - Item entered successfully on search bar
01-09-2023 23:05:11 Test_SearchFuctionality.java INFO  [main] Excel_Utils.ExcelManger 36 - Search button clicked
01-09-2023 23:05:12 Test_SearchFuctionality.java INFO  [main] Excel_Utils.ExcelManger 38 - Product Seleced successfully
01-09-2023 23:05:14 Test_SearchFuctionality.java INFO  [main] Excel_Utils.ExcelManger 47 - checked for compare
01-09-2023 23:05:14 Test_SearchFuctionality.java INFO  [main] Excel_Utils.ExcelManger 49 - Campare button clicked
01-09-2023 23:05:19 Test_SearchFuctionality.java INFO  [main] Excel_Utils.ExcelManger 51 - Brand Selected successfully
01-09-2023 23:05:23 Test_SearchFuctionality.java INFO  [main] Excel_Utils.ExcelManger 53 - Product selected successfully
01-09-2023 23:05:23 Test_SearchFuctionality.java INFO  [main] Excel_Utils.ExcelManger 60 - Test Case_9 --> Test_compare_product --> Passed 
]]></system-out>
  </testcase>
  <testcase name="Test_SearchAndCheckSpecification" classname="Flipkart.ExitTest.Test_SearchFuctionality" time="7.826">
    <system-out><![CDATA[Test_compare_product
01-09-2023 23:05:25 Test_SearchFuctionality.java INFO  [main] Excel_Utils.ExcelManger 75 - Item entered successfully on search bar
01-09-2023 23:05:25 Test_SearchFuctionality.java INFO  [main] Excel_Utils.ExcelManger 77 - Search button clicked
01-09-2023 23:05:26 Test_SearchFuctionality.java INFO  [main] Excel_Utils.ExcelManger 83 - Product Seleced successfully
01-09-2023 23:05:32 Test_SearchFuctionality.java INFO  [main] Excel_Utils.ExcelManger 92 - Raed More Clicked For more Specification
01-09-2023 23:05:32 Test_SearchFuctionality.java INFO  [main] Excel_Utils.ExcelManger 98 - Test Case_10 --> Test_SearchAndCheckSpecification --> Passed 
]]></system-out>
  </testcase>
  <testcase name="Test_Hower_on_product" classname="Flipkart.ExitTest.Test_SearchFuctionality" time="13.117">
    <system-out><![CDATA[Test_SearchAndCheckSpecification
01-09-2023 23:05:35 Test_SearchFuctionality.java INFO  [main] Excel_Utils.ExcelManger 114 - Item entered successfully on search bar
01-09-2023 23:05:35 Test_SearchFuctionality.java INFO  [main] Excel_Utils.ExcelManger 116 - Search button clicked
01-09-2023 23:05:39 Test_SearchFuctionality.java INFO  [main] Excel_Utils.ExcelManger 118 - Product Seleced successfully
01-09-2023 23:05:45 Test_SearchFuctionality.java INFO  [main] Excel_Utils.ExcelManger 127 - Hower on product successfully
01-09-2023 23:05:48 Test_SearchFuctionality.java INFO  [main] Excel_Utils.ExcelManger 134 - Test Case_11 --> Test_Hower_on_product --> Passed 
]]></system-out>
  </testcase>
  <testcase name="Test_Add_to_cart" classname="Flipkart.ExitTest.Test_AddToCart_and_BuyNow" time="32.722">
    <failure message="no such element: Unable to locate element: {&quot;method&quot;:&quot;link text&quot;,&quot;selector&quot;:&quot;Remote Control&quot;}&#10;  (Session info: chrome=108.0.5359.125)&#10;For documentation on this error, please visit: https://selenium.dev/exceptions/#no_such_element&#10;Build info: version: &apos;4.4.0&apos;, revision: &apos;e5c75ed026a&apos;&#10;System info: host: &apos;IN-PG02NKJ9&apos;, ip: &apos;192.168.1.6&apos;, os.name: &apos;Windows 11&apos;, os.arch: &apos;amd64&apos;, os.version: &apos;10.0&apos;, java.version: &apos;11.0.17&apos;&#10;Driver info: org.openqa.selenium.chrome.ChromeDriver&#10;Command: [b4675fca9ffeb2e3d3337c3e6784dfd5, findElement {using=link text, value=Remote Control}]&#10;Capabilities {acceptInsecureCerts: false, browserName: chrome, browserVersion: 108.0.5359.125, chrome: {chromedriverVersion: 108.0.5359.71 (1e0e3868ee06..., userDataDir: C:\Users\AHAMAD~1\AppData\L...}, goog:chromeOptions: {debuggerAddress: localhost:50145}, networkConnectionEnabled: false, pageLoadStrategy: normal, platformName: WINDOWS, proxy: Proxy(), se:cdp: ws://localhost:50145/devtoo..., se:cdpVersion: 108.0.5359.125, setWindowRect: true, strictFileInteractability: false, timeouts: {implicit: 0, pageLoad: 300000, script: 30000}, unhandledPromptBehavior: dismiss and notify, webauthn:extension:credBlob: true, webauthn:extension:largeBlob: true, webauthn:virtualAuthenticators: true}&#10;Session ID: b4675fca9ffeb2e3d3337c3e6784dfd5" type="org.openqa.selenium.NoSuchElementException"><![CDATA[org.openqa.selenium.NoSuchElementException: 
no such element: Unable to locate element: {"method":"link text","selector":"Remote Control"}
  (Session info: chrome=108.0.5359.125)
For documentation on this error, please visit: https://selenium.dev/exceptions/#no_such_element
Build info: version: '4.4.0', revision: 'e5c75ed026a'
System info: host: 'IN-PG02NKJ9', ip: '192.168.1.6', os.name: 'Windows 11', os.arch: 'amd64', os.version: '10.0', java.version: '11.0.17'
Driver info: org.openqa.selenium.chrome.ChromeDriver
Command: [b4675fca9ffeb2e3d3337c3e6784dfd5, findElement {using=link text, value=Remote Control}]
Capabilities {acceptInsecureCerts: false, browserName: chrome, browserVersion: 108.0.5359.125, chrome: {chromedriverVersion: 108.0.5359.71 (1e0e3868ee06..., userDataDir: C:\Users\AHAMAD~1\AppData\L...}, goog:chromeOptions: {debuggerAddress: localhost:50145}, networkConnectionEnabled: false, pageLoadStrategy: normal, platformName: WINDOWS, proxy: Proxy(), se:cdp: ws://localhost:50145/devtoo..., se:cdpVersion: 108.0.5359.125, setWindowRect: true, strictFileInteractability: false, timeouts: {implicit: 0, pageLoad: 300000, script: 30000}, unhandledPromptBehavior: dismiss and notify, webauthn:extension:credBlob: true, webauthn:extension:largeBlob: true, webauthn:virtualAuthenticators: true}
Session ID: b4675fca9ffeb2e3d3337c3e6784dfd5
	at java.base/jdk.internal.reflect.NativeConstructorAccessorImpl.newInstance0(Native Method)
	at java.base/jdk.internal.reflect.NativeConstructorAccessorImpl.newInstance(NativeConstructorAccessorImpl.java:62)
	at java.base/jdk.internal.reflect.DelegatingConstructorAccessorImpl.newInstance(DelegatingConstructorAccessorImpl.java:45)
	at java.base/java.lang.reflect.Constructor.newInstance(Constructor.java:490)
	at org.openqa.selenium.remote.codec.w3c.W3CHttpResponseCodec.createException(W3CHttpResponseCodec.java:200)
	at org.openqa.selenium.remote.codec.w3c.W3CHttpResponseCodec.decode(W3CHttpResponseCodec.java:133)
	at org.openqa.selenium.remote.codec.w3c.W3CHttpResponseCodec.decode(W3CHttpResponseCodec.java:53)
	at org.openqa.selenium.remote.HttpCommandExecutor.execute(HttpCommandExecutor.java:184)
	at org.openqa.selenium.remote.service.DriverCommandExecutor.invokeExecute(DriverCommandExecutor.java:167)
	at org.openqa.selenium.remote.service.DriverCommandExecutor.execute(DriverCommandExecutor.java:142)
	at org.openqa.selenium.remote.RemoteWebDriver.execute(RemoteWebDriver.java:547)
	at org.openqa.selenium.remote.ElementLocation$ElementFinder$2.findElement(ElementLocation.java:162)
	at org.openqa.selenium.remote.ElementLocation.findElement(ElementLocation.java:60)
	at org.openqa.selenium.remote.RemoteWebDriver.findElement(RemoteWebDriver.java:365)
	at org.openqa.selenium.remote.RemoteWebDriver.findElement(RemoteWebDriver.java:357)
	at org.openqa.selenium.support.pagefactory.DefaultElementLocator.findElement(DefaultElementLocator.java:70)
	at org.openqa.selenium.support.pagefactory.internal.LocatingElementHandler.invoke(LocatingElementHandler.java:39)
	at com.sun.proxy.$Proxy16.click(Unknown Source)
	at PageFactory.AddToCart_and_BuyNowPage.go_to_electronics(AddToCart_and_BuyNowPage.java:64)
	at Flipkart.ExitTest.Test_AddToCart_and_BuyNow.Test_Add_to_cart(Test_AddToCart_and_BuyNow.java:22)
	at java.base/jdk.internal.reflect.NativeMethodAccessorImpl.invoke0(Native Method)
	at java.base/jdk.internal.reflect.NativeMethodAccessorImpl.invoke(NativeMethodAccessorImpl.java:62)
	at java.base/jdk.internal.reflect.DelegatingMethodAccessorImpl.invoke(DelegatingMethodAccessorImpl.java:43)
	at java.base/java.lang.reflect.Method.invoke(Method.java:566)
	at org.testng.internal.MethodInvocationHelper.invokeMethod(MethodInvocationHelper.java:133)
	at org.testng.internal.TestInvoker.invokeMethod(TestInvoker.java:598)
	at org.testng.internal.TestInvoker.invokeTestMethod(TestInvoker.java:173)
	at org.testng.internal.MethodRunner.runInSequence(MethodRunner.java:46)
	at org.testng.internal.TestInvoker$MethodInvocationAgent.invoke(TestInvoker.java:824)
	at org.testng.internal.TestInvoker.invokeTestMethods(TestInvoker.java:146)
	at org.testng.internal.TestMethodWorker.invokeTestMethods(TestMethodWorker.java:146)
	at org.testng.internal.TestMethodWorker.run(TestMethodWorker.java:128)
	at java.base/java.util.ArrayList.forEach(ArrayList.java:1541)
	at org.testng.TestRunner.privateRun(TestRunner.java:794)
	at org.testng.TestRunner.run(TestRunner.java:596)
	at org.testng.SuiteRunner.runTest(SuiteRunner.java:377)
	at org.testng.SuiteRunner.runSequentially(SuiteRunner.java:371)
	at org.testng.SuiteRunner.privateRun(SuiteRunner.java:332)
	at org.testng.SuiteRunner.run(SuiteRunner.java:276)
	at org.testng.SuiteRunnerWorker.runSuite(SuiteRunnerWorker.java:53)
	at org.testng.SuiteRunnerWorker.run(SuiteRunnerWorker.java:96)
	at org.testng.TestNG.runSuitesSequentially(TestNG.java:1212)
	at org.testng.TestNG.runSuitesLocally(TestNG.java:1134)
	at org.testng.TestNG.runSuites(TestNG.java:1063)
	at org.testng.TestNG.run(TestNG.java:1031)
	at org.apache.maven.surefire.testng.TestNGExecutor.run(TestNGExecutor.java:324)
	at org.apache.maven.surefire.testng.TestNGXmlTestSuite.execute(TestNGXmlTestSuite.java:74)
	at org.apache.maven.surefire.testng.TestNGProvider.invoke(TestNGProvider.java:123)
	at org.apache.maven.surefire.booter.ForkedBooter.runSuitesInProcess(ForkedBooter.java:456)
	at org.apache.maven.surefire.booter.ForkedBooter.execute(ForkedBooter.java:169)
	at org.apache.maven.surefire.booter.ForkedBooter.run(ForkedBooter.java:595)
	at org.apache.maven.surefire.booter.ForkedBooter.main(ForkedBooter.java:581)
]]></failure>
    <system-out><![CDATA[Test_Hower_on_product
]]></system-out>
  </testcase>
  <testcase name="Test_Buy_Now" classname="Flipkart.ExitTest.Test_AddToCart_and_BuyNow" time="9.848">
    <system-out><![CDATA[Test_Add_to_cart
org.openqa.selenium.NoSuchElementException: no such element: Unable to locate element: {"method":"link text","selector":"Remote Control"}
  (Session info: chrome=108.0.5359.125)
For documentation on this error, please visit: https://selenium.dev/exceptions/#no_such_element
Build info: version: '4.4.0', revision: 'e5c75ed026a'
System info: host: 'IN-PG02NKJ9', ip: '192.168.1.6', os.name: 'Windows 11', os.arch: 'amd64', os.version: '10.0', java.version: '11.0.17'
Driver info: org.openqa.selenium.chrome.ChromeDriver
Command: [b4675fca9ffeb2e3d3337c3e6784dfd5, findElement {using=link text, value=Remote Control}]
Capabilities {acceptInsecureCerts: false, browserName: chrome, browserVersion: 108.0.5359.125, chrome: {chromedriverVersion: 108.0.5359.71 (1e0e3868ee06..., userDataDir: C:\Users\AHAMAD~1\AppData\L...}, goog:chromeOptions: {debuggerAddress: localhost:50145}, networkConnectionEnabled: false, pageLoadStrategy: normal, platformName: WINDOWS, proxy: Proxy(), se:cdp: ws://localhost:50145/devtoo..., se:cdpVersion: 108.0.5359.125, setWindowRect: true, strictFileInteractability: false, timeouts: {implicit: 0, pageLoad: 300000, script: 30000}, unhandledPromptBehavior: dismiss and notify, webauthn:extension:credBlob: true, webauthn:extension:largeBlob: true, webauthn:virtualAuthenticators: true}
Session ID: b4675fca9ffeb2e3d3337c3e6784dfd5
	at java.base/jdk.internal.reflect.NativeConstructorAccessorImpl.newInstance0(Native Method)
	at java.base/jdk.internal.reflect.NativeConstructorAccessorImpl.newInstance(NativeConstructorAccessorImpl.java:62)
	at java.base/jdk.internal.reflect.DelegatingConstructorAccessorImpl.newInstance(DelegatingConstructorAccessorImpl.java:45)
	at java.base/java.lang.reflect.Constructor.newInstance(Constructor.java:490)
	at org.openqa.selenium.remote.codec.w3c.W3CHttpResponseCodec.createException(W3CHttpResponseCodec.java:200)
	at org.openqa.selenium.remote.codec.w3c.W3CHttpResponseCodec.decode(W3CHttpResponseCodec.java:133)
	at org.openqa.selenium.remote.codec.w3c.W3CHttpResponseCodec.decode(W3CHttpResponseCodec.java:53)
	at org.openqa.selenium.remote.HttpCommandExecutor.execute(HttpCommandExecutor.java:184)
	at org.openqa.selenium.remote.service.DriverCommandExecutor.invokeExecute(DriverCommandExecutor.java:167)
	at org.openqa.selenium.remote.service.DriverCommandExecutor.execute(DriverCommandExecutor.java:142)
	at org.openqa.selenium.remote.RemoteWebDriver.execute(RemoteWebDriver.java:547)
	at org.openqa.selenium.remote.ElementLocation$ElementFinder$2.findElement(ElementLocation.java:162)
	at org.openqa.selenium.remote.ElementLocation.findElement(ElementLocation.java:60)
	at org.openqa.selenium.remote.RemoteWebDriver.findElement(RemoteWebDriver.java:365)
	at org.openqa.selenium.remote.RemoteWebDriver.findElement(RemoteWebDriver.java:357)
	at org.openqa.selenium.support.pagefactory.DefaultElementLocator.findElement(DefaultElementLocator.java:70)
	at org.openqa.selenium.support.pagefactory.internal.LocatingElementHandler.invoke(LocatingElementHandler.java:39)
	at com.sun.proxy.$Proxy16.click(Unknown Source)
	at PageFactory.AddToCart_and_BuyNowPage.go_to_electronics(AddToCart_and_BuyNowPage.java:64)
	at Flipkart.ExitTest.Test_AddToCart_and_BuyNow.Test_Add_to_cart(Test_AddToCart_and_BuyNow.java:22)
	at java.base/jdk.internal.reflect.NativeMethodAccessorImpl.invoke0(Native Method)
	at java.base/jdk.internal.reflect.NativeMethodAccessorImpl.invoke(NativeMethodAccessorImpl.java:62)
	at java.base/jdk.internal.reflect.DelegatingMethodAccessorImpl.invoke(DelegatingMethodAccessorImpl.java:43)
	at java.base/java.lang.reflect.Method.invoke(Method.java:566)
	at org.testng.internal.MethodInvocationHelper.invokeMethod(MethodInvocationHelper.java:133)
	at org.testng.internal.TestInvoker.invokeMethod(TestInvoker.java:598)
	at org.testng.internal.TestInvoker.invokeTestMethod(TestInvoker.java:173)
	at org.testng.internal.MethodRunner.runInSequence(MethodRunner.java:46)
	at org.testng.internal.TestInvoker$MethodInvocationAgent.invoke(TestInvoker.java:824)
	at org.testng.internal.TestInvoker.invokeTestMethods(TestInvoker.java:146)
	at org.testng.internal.TestMethodWorker.invokeTestMethods(TestMethodWorker.java:146)
	at org.testng.internal.TestMethodWorker.run(TestMethodWorker.java:128)
	at java.base/java.util.ArrayList.forEach(ArrayList.java:1541)
	at org.testng.TestRunner.privateRun(TestRunner.java:794)
	at org.testng.TestRunner.run(TestRunner.java:596)
	at org.testng.SuiteRunner.runTest(SuiteRunner.java:377)
	at org.testng.SuiteRunner.runSequentially(SuiteRunner.java:371)
	at org.testng.SuiteRunner.privateRun(SuiteRunner.java:332)
	at org.testng.SuiteRunner.run(SuiteRunner.java:276)
	at org.testng.SuiteRunnerWorker.runSuite(SuiteRunnerWorker.java:53)
	at org.testng.SuiteRunnerWorker.run(SuiteRunnerWorker.java:96)
	at org.testng.TestNG.runSuitesSequentially(TestNG.java:1212)
	at org.testng.TestNG.runSuitesLocally(TestNG.java:1134)
	at org.testng.TestNG.runSuites(TestNG.java:1063)
	at org.testng.TestNG.run(TestNG.java:1031)
	at org.apache.maven.surefire.testng.TestNGExecutor.run(TestNGExecutor.java:324)
	at org.apache.maven.surefire.testng.TestNGXmlTestSuite.execute(TestNGXmlTestSuite.java:74)
	at org.apache.maven.surefire.testng.TestNGProvider.invoke(TestNGProvider.java:123)
	at org.apache.maven.surefire.booter.ForkedBooter.runSuitesInProcess(ForkedBooter.java:456)
	at org.apache.maven.surefire.booter.ForkedBooter.execute(ForkedBooter.java:169)
	at org.apache.maven.surefire.booter.ForkedBooter.run(ForkedBooter.java:595)
	at org.apache.maven.surefire.booter.ForkedBooter.main(ForkedBooter.java:581)

01-09-2023 23:06:27 Test_AddToCart_and_BuyNow.java INFO  [main] Excel_Utils.ExcelManger 65 - Electronis Page open
01-09-2023 23:06:30 Test_AddToCart_and_BuyNow.java INFO  [main] Excel_Utils.ExcelManger 68 - Item Selected For Add to Cart
01-09-2023 23:06:32 Test_AddToCart_and_BuyNow.java INFO  [main] Excel_Utils.ExcelManger 77 - clicked on Add to Cart
01-09-2023 23:06:32 Test_AddToCart_and_BuyNow.java INFO  [main] Excel_Utils.ExcelManger 83 - Item Buy Now Successfully
01-09-2023 23:06:34 Test_AddToCart_and_BuyNow.java INFO  [main] Excel_Utils.ExcelManger 85 - Test Case_13 --> Test_Buy_Now --> Passed
]]></system-out>
  </testcase>
  <testcase name="Test_checkGroeryCart" classname="Flipkart.ExitTest.Test_Grocery" time="10.124">
    <system-out><![CDATA[Test_Buy_Now
01-09-2023 23:06:37 Test_Grocery.java INFO  [main] Excel_Utils.ExcelManger 29 - Grocery opend successfully
01-09-2023 23:06:38 Test_Grocery.java INFO  [main] Excel_Utils.ExcelManger 36 - PinCode entered successfully
01-09-2023 23:06:42 Test_Grocery.java INFO  [main] Excel_Utils.ExcelManger 40 - Items Added In grocery cart successfully
01-09-2023 23:06:45 Test_Grocery.java INFO  [main] Excel_Utils.ExcelManger 44 - Cart Open Successfully
01-09-2023 23:06:45 Test_Grocery.java INFO  [main] Excel_Utils.ExcelManger 46 - Test Case_14 --> Test_checkGroeryCart --> Passed
]]></system-out>
  </testcase>
  <testcase name="Test_AddGroceryItem" classname="Flipkart.ExitTest.Test_Grocery" time="8.682">
    <system-out><![CDATA[Test_checkGroeryCart
01-09-2023 23:06:51 Test_Grocery.java INFO  [main] Excel_Utils.ExcelManger 65 - Staples Item Opned
01-09-2023 23:06:53 Test_Grocery.java INFO  [main] Excel_Utils.ExcelManger 68 - Oil Added to Bascket successfully
01-09-2023 23:06:54 Test_Grocery.java INFO  [main] Excel_Utils.ExcelManger 74 - Oil Added to Bascket successfully
01-09-2023 23:06:56 Test_Grocery.java INFO  [main] Excel_Utils.ExcelManger 77 - Basket Open successfully
01-09-2023 23:06:56 Test_Grocery.java INFO  [main] Excel_Utils.ExcelManger 79 - Test Case_15 --> Test_AddGroceryItem --> Passed
]]></system-out>
  </testcase>
  <testcase name="Test_CheckGrocetyFilter" classname="Flipkart.ExitTest.Test_Grocery" time="21.053">
    <system-out><![CDATA[Test_AddGroceryItem
01-09-2023 23:06:59 Test_Grocery.java INFO  [main] Excel_Utils.ExcelManger 97 - Home Kitchen opened
01-09-2023 23:07:18 Test_Grocery.java INFO  [main] Excel_Utils.ExcelManger 100 - All Filter Applied Successfully
01-09-2023 23:07:18 Test_Grocery.java INFO  [main] Excel_Utils.ExcelManger 103 - All Applied Filtered Showed 
01-09-2023 23:07:18 Test_Grocery.java INFO  [main] Excel_Utils.ExcelManger 105 - Test Case_16 --> Test_CheckGrocetyFilter --> Passed
]]></system-out>
  </testcase>
  <testcase name="Test_searchFlight" classname="Flipkart.ExitTest.Test_Travel" time="24.538">
    <system-out><![CDATA[Test_CheckGrocetyFilter
01-09-2023 23:07:22 Test_Travel.java INFO  [main] Excel_Utils.ExcelManger 29 - Travel Clicked
01-09-2023 23:07:24 Test_Travel.java INFO  [main] Excel_Utils.ExcelManger 32 - Round Trip Selected successfully
01-09-2023 23:07:28 Test_Travel.java INFO  [main] Excel_Utils.ExcelManger 35 - From City entered successfully
01-09-2023 23:07:32 Test_Travel.java INFO  [main] Excel_Utils.ExcelManger 38 - To City entered successfully
01-09-2023 23:07:39 Test_Travel.java INFO  [main] Excel_Utils.ExcelManger 41 - Return Date selected
01-09-2023 23:07:44 Test_Travel.java INFO  [main] Excel_Utils.ExcelManger 44 - Flight Pune To Delhi searched Successfully
01-09-2023 23:07:44 Test_Travel.java INFO  [main] Excel_Utils.ExcelManger 46 - Test Case_17 --> Test_searchFlight --> Passed
]]></system-out>
  </testcase>
  <testcase name="Test_Social_Media" classname="Flipkart.ExitTest.Test_Footer" time="20.279">
    <system-out><![CDATA[Test_searchFlight
01-09-2023 23:07:49 Test_Footer.java INFO  [main] Excel_Utils.ExcelManger 35 - Footer Page Opened successfully
01-09-2023 23:07:58 Test_Footer.java INFO  [main] Excel_Utils.ExcelManger 46 - Twitter Page Opened successfully
01-09-2023 23:08:03 Test_Footer.java INFO  [main] Excel_Utils.ExcelManger 57 - Youtube Page Opened successfully
01-09-2023 23:08:05 Test_Footer.java INFO  [main] Excel_Utils.ExcelManger 63 - Test Case_18 --> Test_Social_Media --> Passed
]]></system-out>
  </testcase>
  <testcase name="Test_FAQ" classname="Flipkart.ExitTest.Test_Footer" time="8.805">
    <system-out><![CDATA[Test_Social_Media
01-09-2023 23:08:09 Test_Footer.java INFO  [main] Excel_Utils.ExcelManger 81 - FAQ Page Opened
01-09-2023 23:08:09 Test_Footer.java INFO  [main] Excel_Utils.ExcelManger 84 - Type of Issue Selected
01-09-2023 23:08:09 Test_Footer.java INFO  [main] Excel_Utils.ExcelManger 87 - Type of Issue Facing Selected
01-09-2023 23:08:16 Test_Footer.java INFO  [main] Excel_Utils.ExcelManger 91 - Answer Of Issue open successfully
01-09-2023 23:08:16 Test_Footer.java INFO  [main] Excel_Utils.ExcelManger 93 - Test Case_19 --> Test_FAQ --> Passed
]]></system-out>
  </testcase>
  <testcase name="Test_Careers" classname="Flipkart.ExitTest.Test_Footer" time="19.243">
    <system-out><![CDATA[Test_FAQ
01-09-2023 23:08:20 Test_Footer.java INFO  [main] Excel_Utils.ExcelManger 113 - Careers Page Opened
01-09-2023 23:08:36 Test_Footer.java INFO  [main] Excel_Utils.ExcelManger 116 - Job Seacherd Successfully
01-09-2023 23:08:36 Test_Footer.java INFO  [main] Excel_Utils.ExcelManger 119 - Test Case_20 --> Test_Careers --> Passed
]]></system-out>
  </testcase>
</testsuite>