<!DOCTYPE html>

<html>
  <head>
  <meta charset='utf-8'>
  <title>TestNG reports</title>

    <link type="text/css" href="testng-reports1.css" rel="stylesheet" id="ultra" />
    <link type="text/css" href="testng-reports.css" rel="stylesheet" id="retro" disabled="false"/>
    <script type="text/javascript" src="jquery.min.js"></script>
    <script type="text/javascript" src="testng-reports.js"></script>
    <script type="text/javascript" src="https://www.google.com/jsapi"></script>
    <script type='text/javascript'>
      google.load('visualization', '1', {packages:['table']});
      google.setOnLoadCallback(drawTable);
      var suiteTableInitFunctions = new Array();
      var suiteTableData = new Array();
    </script>
    <!--
      <script type="text/javascript" src="jquery-ui/js/jquery-ui-1.8.16.custom.min.js"></script>
     -->
  </head>

  <body>
    <div class="top-banner-root">
      <span class="top-banner-title-font">Test results</span>
      <button id="button" class="button">Switch Retro Theme</button> <!-- button -->
      <br/>
      <span class="top-banner-font-1">1 suite, 4 failed tests</span>
    </div> <!-- top-banner-root -->
    <div class="navigator-root">
      <div class="navigator-suite-header">
        <span>All suites</span>
        <a href="#" title="Collapse/expand all the suites" class="collapse-all-link">
          <img src="collapseall.gif" class="collapse-all-icon">
          </img> <!-- collapse-all-icon -->
        </a> <!-- collapse-all-link -->
      </div> <!-- navigator-suite-header -->
      <div class="suite">
        <div class="rounded-window">
          <div class="suite-header light-rounded-window-top">
            <a href="#" panel-name="suite-Suite" class="navigator-link">
              <span class="suite-name border-failed">Suite</span>
            </a> <!-- navigator-link -->
          </div> <!-- suite-header light-rounded-window-top -->
          <div class="navigator-suite-content">
            <div class="suite-section-title">
              <span>Info</span>
            </div> <!-- suite-section-title -->
            <div class="suite-section-content">
              <ul>
                <li>
                  <a href="#" panel-name="test-xml-Suite" class="navigator-link ">
                    <span>C:\Users\ahamadhusain\eclipse-workspace\ExitTest\testng.xml</span>
                  </a> <!-- navigator-link  -->
                </li>
                <li>
                  <a href="#" panel-name="testlist-Suite" class="navigator-link ">
                    <span class="test-stats">1 test</span>
                  </a> <!-- navigator-link  -->
                </li>
                <li>
                  <a href="#" panel-name="group-Suite" class="navigator-link ">
                    <span>0 groups</span>
                  </a> <!-- navigator-link  -->
                </li>
                <li>
                  <a href="#" panel-name="times-Suite" class="navigator-link ">
                    <span>Times</span>
                  </a> <!-- navigator-link  -->
                </li>
                <li>
                  <a href="#" panel-name="reporter-Suite" class="navigator-link ">
                    <span>Reporter output</span>
                  </a> <!-- navigator-link  -->
                </li>
                <li>
                  <a href="#" panel-name="ignored-methods-Suite" class="navigator-link ">
                    <span>Ignored methods</span>
                  </a> <!-- navigator-link  -->
                </li>
                <li>
                  <a href="#" panel-name="chronological-Suite" class="navigator-link ">
                    <span>Chronological view</span>
                  </a> <!-- navigator-link  -->
                </li>
              </ul>
            </div> <!-- suite-section-content -->
            <div class="result-section">
              <div class="suite-section-title">
                <span>Results</span>
              </div> <!-- suite-section-title -->
              <div class="suite-section-content">
                <ul>
                  <li>
                    <span class="method-stats">20 methods, 4 failed,   16 passed</span>
                  </li>
                  <li>
                    <span class="method-list-title failed">Failed methods</span>
                    <span class="show-or-hide-methods failed">
                      <a href="#" panel-name="suite-Suite" class="hide-methods failed suite-Suite"> (hide)</a> <!-- hide-methods failed suite-Suite -->
                      <a href="#" panel-name="suite-Suite" class="show-methods failed suite-Suite"> (show)</a> <!-- show-methods failed suite-Suite -->
                    </span>
                    <div class="method-list-content failed suite-Suite">
                      <span>
                        <img src="failed.png" width="3%"/>
                        <a href="#" panel-name="suite-Suite" title="Flipkart.ExitTest.Test_Grocery" class="method navigator-link" hash-for-method="Test_AddGroceryItem">Test_AddGroceryItem</a> <!-- method navigator-link -->
                      </span>
                      <br/>
                      <span>
                        <img src="failed.png" width="3%"/>
                        <a href="#" panel-name="suite-Suite" title="Flipkart.ExitTest.Test_Headers" class="method navigator-link" hash-for-method="Test_MotorVehicle">Test_MotorVehicle</a> <!-- method navigator-link -->
                      </span>
                      <br/>
                      <span>
                        <img src="failed.png" width="3%"/>
                        <a href="#" panel-name="suite-Suite" title="Flipkart.ExitTest.Test_Footer" class="method navigator-link" hash-for-method="Test_Social_Media">Test_Social_Media</a> <!-- method navigator-link -->
                      </span>
                      <br/>
                      <span>
                        <img src="failed.png" width="3%"/>
                        <a href="#" panel-name="suite-Suite" title="Flipkart.ExitTest.Test_Travel" class="method navigator-link" hash-for-method="Test_searchFlight">Test_searchFlight</a> <!-- method navigator-link -->
                      </span>
                      <br/>
                    </div> <!-- method-list-content failed suite-Suite -->
                  </li>
                  <li>
                    <span class="method-list-title passed">Passed methods</span>
                    <span class="show-or-hide-methods passed">
                      <a href="#" panel-name="suite-Suite" class="hide-methods passed suite-Suite"> (hide)</a> <!-- hide-methods passed suite-Suite -->
                      <a href="#" panel-name="suite-Suite" class="show-methods passed suite-Suite"> (show)</a> <!-- show-methods passed suite-Suite -->
                    </span>
                    <div class="method-list-content passed suite-Suite">
                      <span>
                        <img src="passed.png" width="3%"/>
                        <a href="#" panel-name="suite-Suite" title="Flipkart.ExitTest.Test_AddToCart_and_BuyNow" class="method navigator-link" hash-for-method="Test_Add_to_cart">Test_Add_to_cart</a> <!-- method navigator-link -->
                      </span>
                      <br/>
                      <span>
                        <img src="passed.png" width="3%"/>
                        <a href="#" panel-name="suite-Suite" title="Flipkart.ExitTest.Test_Headers" class="method navigator-link" hash-for-method="Test_BestSeller">Test_BestSeller</a> <!-- method navigator-link -->
                      </span>
                      <br/>
                      <span>
                        <img src="passed.png" width="3%"/>
                        <a href="#" panel-name="suite-Suite" title="Flipkart.ExitTest.Test_AddToCart_and_BuyNow" class="method navigator-link" hash-for-method="Test_Buy_Now">Test_Buy_Now</a> <!-- method navigator-link -->
                      </span>
                      <br/>
                      <span>
                        <img src="passed.png" width="3%"/>
                        <a href="#" panel-name="suite-Suite" title="Flipkart.ExitTest.Test_Footer" class="method navigator-link" hash-for-method="Test_Careers">Test_Careers</a> <!-- method navigator-link -->
                      </span>
                      <br/>
                      <span>
                        <img src="passed.png" width="3%"/>
                        <a href="#" panel-name="suite-Suite" title="Flipkart.ExitTest.Test_Grocery" class="method navigator-link" hash-for-method="Test_CheckGrocetyFilter">Test_CheckGrocetyFilter</a> <!-- method navigator-link -->
                      </span>
                      <br/>
                      <span>
                        <img src="passed.png" width="3%"/>
                        <a href="#" panel-name="suite-Suite" title="Flipkart.ExitTest.Test_Footer" class="method navigator-link" hash-for-method="Test_FAQ">Test_FAQ</a> <!-- method navigator-link -->
                      </span>
                      <br/>
                      <span>
                        <img src="passed.png" width="3%"/>
                        <a href="#" panel-name="suite-Suite" title="Flipkart.ExitTest.Test_Headers" class="method navigator-link" hash-for-method="Test_Home_Furnishings">Test_Home_Furnishings</a> <!-- method navigator-link -->
                      </span>
                      <br/>
                      <span>
                        <img src="passed.png" width="3%"/>
                        <a href="#" panel-name="suite-Suite" title="Flipkart.ExitTest.Test_SearchFuctionality" class="method navigator-link" hash-for-method="Test_Hower_on_product">Test_Hower_on_product</a> <!-- method navigator-link -->
                      </span>
                      <br/>
                      <span>
                        <img src="passed.png" width="3%"/>
                        <a href="#" panel-name="suite-Suite" title="Flipkart.ExitTest.Test_Headers" class="method navigator-link" hash-for-method="Test_MensFasion">Test_MensFasion</a> <!-- method navigator-link -->
                      </span>
                      <br/>
                      <span>
                        <img src="passed.png" width="3%"/>
                        <a href="#" panel-name="suite-Suite" title="Flipkart.ExitTest.Test_SearchFuctionality" class="method navigator-link" hash-for-method="Test_SearchAndCheckSpecification">Test_SearchAndCheckSpecification</a> <!-- method navigator-link -->
                      </span>
                      <br/>
                      <span>
                        <img src="passed.png" width="3%"/>
                        <a href="#" panel-name="suite-Suite" title="Flipkart.ExitTest.Test_Basic_Flipkart" class="method navigator-link" hash-for-method="Test_Search_Item">Test_Search_Item</a> <!-- method navigator-link -->
                      </span>
                      <br/>
                      <span>
                        <img src="passed.png" width="3%"/>
                        <a href="#" panel-name="suite-Suite" title="Flipkart.ExitTest.Test_Headers" class="method navigator-link" hash-for-method="Test_Top_offer">Test_Top_offer</a> <!-- method navigator-link -->
                      </span>
                      <br/>
                      <span>
                        <img src="passed.png" width="3%"/>
                        <a href="#" panel-name="suite-Suite" title="Flipkart.ExitTest.Test_Grocery" class="method navigator-link" hash-for-method="Test_checkGroeryCart">Test_checkGroeryCart</a> <!-- method navigator-link -->
                      </span>
                      <br/>
                      <span>
                        <img src="passed.png" width="3%"/>
                        <a href="#" panel-name="suite-Suite" title="Flipkart.ExitTest.Test_SearchFuctionality" class="method navigator-link" hash-for-method="Test_compare_product">Test_compare_product</a> <!-- method navigator-link -->
                      </span>
                      <br/>
                      <span>
                        <img src="passed.png" width="3%"/>
                        <a href="#" panel-name="suite-Suite" title="Flipkart.ExitTest.Test_Basic_Flipkart" class="method navigator-link" hash-for-method="Test_loginFlipkart">Test_loginFlipkart</a> <!-- method navigator-link -->
                      </span>
                      <br/>
                      <span>
                        <img src="passed.png" width="3%"/>
                        <a href="#" panel-name="suite-Suite" title="Flipkart.ExitTest.Test_Basic_Flipkart" class="method navigator-link" hash-for-method="Test_verify_Title">Test_verify_Title</a> <!-- method navigator-link -->
                      </span>
                      <br/>
                    </div> <!-- method-list-content passed suite-Suite -->
                  </li>
                </ul>
              </div> <!-- suite-section-content -->
            </div> <!-- result-section -->
          </div> <!-- navigator-suite-content -->
        </div> <!-- rounded-window -->
      </div> <!-- suite -->
    </div> <!-- navigator-root -->
    <div class="wrapper">
      <div class="main-panel-root">
        <div panel-name="suite-Suite" class="panel Suite">
          <div class="suite-Suite-class-failed">
            <div class="main-panel-header rounded-window-top">
              <img src="failed.png"/>
              <span class="class-name">Flipkart.ExitTest.Test_Footer</span>
            </div> <!-- main-panel-header rounded-window-top -->
            <div class="main-panel-content rounded-window-bottom">
              <div class="method">
                <div class="method-content">
                  <a name="Test_Social_Media">
                  </a> <!-- Test_Social_Media -->
                  <span class="method-name">Test_Social_Media</span>
                  <div class="stack-trace">java.lang.AssertionError: expected [Flipkart (@Flipkart) / Twitter] but found []
	at Flipkart.ExitTest.Test_Footer.Test_Social_Media(Test_Footer.java:51)
	at java.base/java.util.ArrayList.forEach(ArrayList.java:1540)
... Removed 33 stack frames
</div> <!-- stack-trace -->
                </div> <!-- method-content -->
              </div> <!-- method -->
            </div> <!-- main-panel-content rounded-window-bottom -->
          </div> <!-- suite-Suite-class-failed -->
          <div class="suite-Suite-class-failed">
            <div class="main-panel-header rounded-window-top">
              <img src="failed.png"/>
              <span class="class-name">Flipkart.ExitTest.Test_Grocery</span>
            </div> <!-- main-panel-header rounded-window-top -->
            <div class="main-panel-content rounded-window-bottom">
              <div class="method">
                <div class="method-content">
                  <a name="Test_AddGroceryItem">
                  </a> <!-- Test_AddGroceryItem -->
                  <span class="method-name">Test_AddGroceryItem</span>
                  <div class="stack-trace">org.openqa.selenium.NoSuchElementException: no such element: Unable to locate element: {&quot;method&quot;:&quot;link text&quot;,&quot;selector&quot;:&quot;Ghee &amp; Oils&quot;}
  (Session info: chrome=108.0.5359.125)
For documentation on this error, please visit: https://selenium.dev/exceptions/#no_such_element
Build info: version: &apos;4.4.0&apos;, revision: &apos;e5c75ed026a&apos;
System info: host: &apos;IN-PG02NKJ9&apos;, ip: &apos;192.168.1.6&apos;, os.name: &apos;Windows 10&apos;, os.arch: &apos;amd64&apos;, os.version: &apos;10.0&apos;, java.version: &apos;11.0.1&apos;
Driver info: org.openqa.selenium.chrome.ChromeDriver
Command: [d906a6ee74bebd26c5a9efc68e4463fd, findElement {using=link text, value=Ghee &amp; Oils}]
Capabilities {acceptInsecureCerts: false, browserName: chrome, browserVersion: 108.0.5359.125, chrome: {chromedriverVersion: 108.0.5359.71 (1e0e3868ee06..., userDataDir: C:\Users\AHAMAD~1\AppData\L...}, goog:chromeOptions: {debuggerAddress: localhost:58513}, networkConnectionEnabled: false, pageLoadStrategy: normal, platformName: WINDOWS, proxy: Proxy(), se:cdp: ws://localhost:58513/devtoo..., se:cdpVersion: 108.0.5359.125, setWindowRect: true, strictFileInteractability: false, timeouts: {implicit: 0, pageLoad: 300000, script: 30000}, unhandledPromptBehavior: dismiss and notify, webauthn:extension:credBlob: true, webauthn:extension:largeBlob: true, webauthn:virtualAuthenticators: true}
Session ID: d906a6ee74bebd26c5a9efc68e4463fd
	at org.openqa.selenium.remote.codec.w3c.W3CHttpResponseCodec.createException(W3CHttpResponseCodec.java:200)
	at org.openqa.selenium.remote.codec.w3c.W3CHttpResponseCodec.decode(W3CHttpResponseCodec.java:133)
	at org.openqa.selenium.remote.codec.w3c.W3CHttpResponseCodec.decode(W3CHttpResponseCodec.java:53)
	at org.openqa.selenium.remote.HttpCommandExecutor.execute(HttpCommandExecutor.java:184)
	at org.openqa.selenium.remote.service.DriverCommandExecutor.invokeExecute(DriverCommandExecutor.java:167)
	at org.openqa.selenium.remote.service.DriverCommandExecutor.execute(DriverCommandExecutor.java:142)
	at org.openqa.selenium.remote.RemoteWebDriver.execute(RemoteWebDriver.java:547)
	at org.openqa.selenium.remote.ElementLocation$ElementFinder$2.findElement(ElementLocation.java:162)
	at org.openqa.selenium.remote.ElementLocation.findElement(ElementLocation.java:60)
	at org.openqa.selenium.remote.RemoteWebDriver.findElement(RemoteWebDriver.java:365)
	at org.openqa.selenium.remote.RemoteWebDriver.findElement(RemoteWebDriver.java:357)
	at org.openqa.selenium.support.pagefactory.DefaultElementLocator.findElement(DefaultElementLocator.java:70)
	at org.openqa.selenium.support.pagefactory.internal.LocatingElementHandler.invoke(LocatingElementHandler.java:39)
	at com.sun.proxy.$Proxy19.click(Unknown Source)
	at PageFactory.GroceryPage.staples_item(GroceryPage.java:125)
	at Flipkart.ExitTest.Test_Grocery.Test_AddGroceryItem(Test_Grocery.java:64)
	at java.base/java.util.ArrayList.forEach(ArrayList.java:1540)
... Removed 31 stack frames
</div> <!-- stack-trace -->
                </div> <!-- method-content -->
              </div> <!-- method -->
            </div> <!-- main-panel-content rounded-window-bottom -->
          </div> <!-- suite-Suite-class-failed -->
          <div class="suite-Suite-class-failed">
            <div class="main-panel-header rounded-window-top">
              <img src="failed.png"/>
              <span class="class-name">Flipkart.ExitTest.Test_Travel</span>
            </div> <!-- main-panel-header rounded-window-top -->
            <div class="main-panel-content rounded-window-bottom">
              <div class="method">
                <div class="method-content">
                  <a name="Test_searchFlight">
                  </a> <!-- Test_searchFlight -->
                  <span class="method-name">Test_searchFlight</span>
                  <div class="stack-trace">org.openqa.selenium.ElementClickInterceptedException: element click intercepted: Element &lt;div class=&quot;xtXmba&quot;&gt;...&lt;/div&gt; is not clickable at point (758, 145). Other element would receive the click: &lt;div class=&quot;_6uPgrs&quot;&gt;...&lt;/div&gt;
  (Session info: chrome=108.0.5359.125)
Build info: version: &apos;4.4.0&apos;, revision: &apos;e5c75ed026a&apos;
System info: host: &apos;IN-PG02NKJ9&apos;, ip: &apos;192.168.1.6&apos;, os.name: &apos;Windows 10&apos;, os.arch: &apos;amd64&apos;, os.version: &apos;10.0&apos;, java.version: &apos;11.0.1&apos;
Driver info: org.openqa.selenium.chrome.ChromeDriver
Command: [d906a6ee74bebd26c5a9efc68e4463fd, clickElement {id=8afa6ca2-ee19-4217-89d4-db39c87e85be}]
Capabilities {acceptInsecureCerts: false, browserName: chrome, browserVersion: 108.0.5359.125, chrome: {chromedriverVersion: 108.0.5359.71 (1e0e3868ee06..., userDataDir: C:\Users\AHAMAD~1\AppData\L...}, goog:chromeOptions: {debuggerAddress: localhost:58513}, networkConnectionEnabled: false, pageLoadStrategy: normal, platformName: WINDOWS, proxy: Proxy(), se:cdp: ws://localhost:58513/devtoo..., se:cdpVersion: 108.0.5359.125, setWindowRect: true, strictFileInteractability: false, timeouts: {implicit: 0, pageLoad: 300000, script: 30000}, unhandledPromptBehavior: dismiss and notify, webauthn:extension:credBlob: true, webauthn:extension:largeBlob: true, webauthn:virtualAuthenticators: true}
Element: [[ChromeDriver: chrome on WINDOWS (d906a6ee74bebd26c5a9efc68e4463fd)] -&gt; xpath: //div[contains(text(),&apos;Travel&apos;)]]
Session ID: d906a6ee74bebd26c5a9efc68e4463fd
	at org.openqa.selenium.remote.codec.w3c.W3CHttpResponseCodec.createException(W3CHttpResponseCodec.java:200)
	at org.openqa.selenium.remote.codec.w3c.W3CHttpResponseCodec.decode(W3CHttpResponseCodec.java:133)
	at org.openqa.selenium.remote.codec.w3c.W3CHttpResponseCodec.decode(W3CHttpResponseCodec.java:53)
	at org.openqa.selenium.remote.HttpCommandExecutor.execute(HttpCommandExecutor.java:184)
	at org.openqa.selenium.remote.service.DriverCommandExecutor.invokeExecute(DriverCommandExecutor.java:167)
	at org.openqa.selenium.remote.service.DriverCommandExecutor.execute(DriverCommandExecutor.java:142)
	at org.openqa.selenium.remote.RemoteWebDriver.execute(RemoteWebDriver.java:547)
	at org.openqa.selenium.remote.RemoteWebElement.execute(RemoteWebElement.java:257)
	at org.openqa.selenium.remote.RemoteWebElement.click(RemoteWebElement.java:78)
	at org.openqa.selenium.support.pagefactory.internal.LocatingElementHandler.invoke(LocatingElementHandler.java:52)
	at com.sun.proxy.$Proxy19.click(Unknown Source)
	at PageFactory.TravelPage.Click_On_Travel(TravelPage.java:69)
	at Flipkart.ExitTest.Test_Travel.Test_searchFlight(Test_Travel.java:28)
	at java.base/java.util.ArrayList.forEach(ArrayList.java:1540)
... Removed 34 stack frames
</div> <!-- stack-trace -->
                </div> <!-- method-content -->
              </div> <!-- method -->
            </div> <!-- main-panel-content rounded-window-bottom -->
          </div> <!-- suite-Suite-class-failed -->
          <div class="suite-Suite-class-failed">
            <div class="main-panel-header rounded-window-top">
              <img src="failed.png"/>
              <span class="class-name">Flipkart.ExitTest.Test_Headers</span>
            </div> <!-- main-panel-header rounded-window-top -->
            <div class="main-panel-content rounded-window-bottom">
              <div class="method">
                <div class="method-content">
                  <a name="Test_MotorVehicle">
                  </a> <!-- Test_MotorVehicle -->
                  <span class="method-name">Test_MotorVehicle</span>
                  <div class="stack-trace">java.lang.AssertionError: expected [Buy Two Wheeler Vehicle Online From Flipkart | Electric Vehicle Online 08-Jan-23] but found [Buy Two Wheeler Vehicle Online From Flipkart | Electric Vehicle Online 09-Jan-23]
	at Flipkart.ExitTest.Test_Headers.Test_MotorVehicle(Test_Headers.java:98)
	at java.base/java.util.ArrayList.forEach(ArrayList.java:1540)
... Removed 33 stack frames
</div> <!-- stack-trace -->
                </div> <!-- method-content -->
              </div> <!-- method -->
            </div> <!-- main-panel-content rounded-window-bottom -->
          </div> <!-- suite-Suite-class-failed -->
          <div class="suite-Suite-class-passed">
            <div class="main-panel-header rounded-window-top">
              <img src="passed.png"/>
              <span class="class-name">Flipkart.ExitTest.Test_Footer</span>
            </div> <!-- main-panel-header rounded-window-top -->
            <div class="main-panel-content rounded-window-bottom">
              <div class="method">
                <div class="method-content">
                  <a name="Test_Careers">
                  </a> <!-- Test_Careers -->
                  <span class="method-name">Test_Careers</span>
                </div> <!-- method-content -->
              </div> <!-- method -->
              <div class="method">
                <div class="method-content">
                  <a name="Test_FAQ">
                  </a> <!-- Test_FAQ -->
                  <span class="method-name">Test_FAQ</span>
                </div> <!-- method-content -->
              </div> <!-- method -->
            </div> <!-- main-panel-content rounded-window-bottom -->
          </div> <!-- suite-Suite-class-passed -->
          <div class="suite-Suite-class-passed">
            <div class="main-panel-header rounded-window-top">
              <img src="passed.png"/>
              <span class="class-name">Flipkart.ExitTest.Test_Grocery</span>
            </div> <!-- main-panel-header rounded-window-top -->
            <div class="main-panel-content rounded-window-bottom">
              <div class="method">
                <div class="method-content">
                  <a name="Test_CheckGrocetyFilter">
                  </a> <!-- Test_CheckGrocetyFilter -->
                  <span class="method-name">Test_CheckGrocetyFilter</span>
                </div> <!-- method-content -->
              </div> <!-- method -->
              <div class="method">
                <div class="method-content">
                  <a name="Test_checkGroeryCart">
                  </a> <!-- Test_checkGroeryCart -->
                  <span class="method-name">Test_checkGroeryCart</span>
                </div> <!-- method-content -->
              </div> <!-- method -->
            </div> <!-- main-panel-content rounded-window-bottom -->
          </div> <!-- suite-Suite-class-passed -->
          <div class="suite-Suite-class-passed">
            <div class="main-panel-header rounded-window-top">
              <img src="passed.png"/>
              <span class="class-name">Flipkart.ExitTest.Test_SearchFuctionality</span>
            </div> <!-- main-panel-header rounded-window-top -->
            <div class="main-panel-content rounded-window-bottom">
              <div class="method">
                <div class="method-content">
                  <a name="Test_Hower_on_product">
                  </a> <!-- Test_Hower_on_product -->
                  <span class="method-name">Test_Hower_on_product</span>
                </div> <!-- method-content -->
              </div> <!-- method -->
              <div class="method">
                <div class="method-content">
                  <a name="Test_SearchAndCheckSpecification">
                  </a> <!-- Test_SearchAndCheckSpecification -->
                  <span class="method-name">Test_SearchAndCheckSpecification</span>
                </div> <!-- method-content -->
              </div> <!-- method -->
              <div class="method">
                <div class="method-content">
                  <a name="Test_compare_product">
                  </a> <!-- Test_compare_product -->
                  <span class="method-name">Test_compare_product</span>
                </div> <!-- method-content -->
              </div> <!-- method -->
            </div> <!-- main-panel-content rounded-window-bottom -->
          </div> <!-- suite-Suite-class-passed -->
          <div class="suite-Suite-class-passed">
            <div class="main-panel-header rounded-window-top">
              <img src="passed.png"/>
              <span class="class-name">Flipkart.ExitTest.Test_AddToCart_and_BuyNow</span>
            </div> <!-- main-panel-header rounded-window-top -->
            <div class="main-panel-content rounded-window-bottom">
              <div class="method">
                <div class="method-content">
                  <a name="Test_Add_to_cart">
                  </a> <!-- Test_Add_to_cart -->
                  <span class="method-name">Test_Add_to_cart</span>
                </div> <!-- method-content -->
              </div> <!-- method -->
              <div class="method">
                <div class="method-content">
                  <a name="Test_Buy_Now">
                  </a> <!-- Test_Buy_Now -->
                  <span class="method-name">Test_Buy_Now</span>
                </div> <!-- method-content -->
              </div> <!-- method -->
            </div> <!-- main-panel-content rounded-window-bottom -->
          </div> <!-- suite-Suite-class-passed -->
          <div class="suite-Suite-class-passed">
            <div class="main-panel-header rounded-window-top">
              <img src="passed.png"/>
              <span class="class-name">Flipkart.ExitTest.Test_Basic_Flipkart</span>
            </div> <!-- main-panel-header rounded-window-top -->
            <div class="main-panel-content rounded-window-bottom">
              <div class="method">
                <div class="method-content">
                  <a name="Test_Search_Item">
                  </a> <!-- Test_Search_Item -->
                  <span class="method-name">Test_Search_Item</span>
                </div> <!-- method-content -->
              </div> <!-- method -->
              <div class="method">
                <div class="method-content">
                  <a name="Test_loginFlipkart">
                  </a> <!-- Test_loginFlipkart -->
                  <span class="method-name">Test_loginFlipkart</span>
                </div> <!-- method-content -->
              </div> <!-- method -->
              <div class="method">
                <div class="method-content">
                  <a name="Test_verify_Title">
                  </a> <!-- Test_verify_Title -->
                  <span class="method-name">Test_verify_Title</span>
                </div> <!-- method-content -->
              </div> <!-- method -->
            </div> <!-- main-panel-content rounded-window-bottom -->
          </div> <!-- suite-Suite-class-passed -->
          <div class="suite-Suite-class-passed">
            <div class="main-panel-header rounded-window-top">
              <img src="passed.png"/>
              <span class="class-name">Flipkart.ExitTest.Test_Headers</span>
            </div> <!-- main-panel-header rounded-window-top -->
            <div class="main-panel-content rounded-window-bottom">
              <div class="method">
                <div class="method-content">
                  <a name="Test_BestSeller">
                  </a> <!-- Test_BestSeller -->
                  <span class="method-name">Test_BestSeller</span>
                </div> <!-- method-content -->
              </div> <!-- method -->
              <div class="method">
                <div class="method-content">
                  <a name="Test_Home_Furnishings">
                  </a> <!-- Test_Home_Furnishings -->
                  <span class="method-name">Test_Home_Furnishings</span>
                </div> <!-- method-content -->
              </div> <!-- method -->
              <div class="method">
                <div class="method-content">
                  <a name="Test_MensFasion">
                  </a> <!-- Test_MensFasion -->
                  <span class="method-name">Test_MensFasion</span>
                </div> <!-- method-content -->
              </div> <!-- method -->
              <div class="method">
                <div class="method-content">
                  <a name="Test_Top_offer">
                  </a> <!-- Test_Top_offer -->
                  <span class="method-name">Test_Top_offer</span>
                </div> <!-- method-content -->
              </div> <!-- method -->
            </div> <!-- main-panel-content rounded-window-bottom -->
          </div> <!-- suite-Suite-class-passed -->
        </div> <!-- panel Suite -->
        <div panel-name="test-xml-Suite" class="panel">
          <div class="main-panel-header rounded-window-top">
            <span class="header-content">C:\Users\ahamadhusain\eclipse-workspace\ExitTest\testng.xml</span>
          </div> <!-- main-panel-header rounded-window-top -->
          <div class="main-panel-content rounded-window-bottom">
            <pre>
&lt;?xml version=&quot;1.0&quot; encoding=&quot;UTF-8&quot;?&gt;
&lt;!DOCTYPE suite SYSTEM &quot;https://testng.org/testng-1.0.dtd&quot;&gt;
&lt;suite name=&quot;Suite&quot; guice-stage=&quot;DEVELOPMENT&quot;&gt;
  &lt;test thread-count=&quot;7&quot; name=&quot;Test&quot;&gt;
    &lt;classes&gt;
      &lt;class name=&quot;Flipkart.ExitTest.Test_Basic_Flipkart&quot;/&gt;
      &lt;class name=&quot;Flipkart.ExitTest.Test_Headers&quot;/&gt;
      &lt;class name=&quot;Flipkart.ExitTest.Test_SearchFuctionality&quot;/&gt;
      &lt;class name=&quot;Flipkart.ExitTest.Test_AddToCart_and_BuyNow&quot;/&gt;
      &lt;class name=&quot;Flipkart.ExitTest.Test_Grocery&quot;/&gt;
      &lt;class name=&quot;Flipkart.ExitTest.Test_Travel&quot;/&gt;
      &lt;class name=&quot;Flipkart.ExitTest.Test_Footer&quot;/&gt;
    &lt;/classes&gt;
  &lt;/test&gt; &lt;!-- Test --&gt;
&lt;/suite&gt; &lt;!-- Suite --&gt;
            </pre>
          </div> <!-- main-panel-content rounded-window-bottom -->
        </div> <!-- panel -->
        <div panel-name="testlist-Suite" class="panel">
          <div class="main-panel-header rounded-window-top">
            <span class="header-content">Tests for Suite</span>
          </div> <!-- main-panel-header rounded-window-top -->
          <div class="main-panel-content rounded-window-bottom">
            <ul>
              <li>
                <span class="test-name">Test (7 classes)</span>
              </li>
            </ul>
          </div> <!-- main-panel-content rounded-window-bottom -->
        </div> <!-- panel -->
        <div panel-name="group-Suite" class="panel">
          <div class="main-panel-header rounded-window-top">
            <span class="header-content">Groups for Suite</span>
          </div> <!-- main-panel-header rounded-window-top -->
          <div class="main-panel-content rounded-window-bottom">
          </div> <!-- main-panel-content rounded-window-bottom -->
        </div> <!-- panel -->
        <div panel-name="times-Suite" class="panel">
          <div class="main-panel-header rounded-window-top">
            <span class="header-content">Times for Suite</span>
          </div> <!-- main-panel-header rounded-window-top -->
          <div class="main-panel-content rounded-window-bottom">
            <div class="times-div">
              <script type="text/javascript">
suiteTableInitFunctions.push('tableData_Suite');
function tableData_Suite() {
var data = new google.visualization.DataTable();
data.addColumn('number', 'Number');
data.addColumn('string', 'Method');
data.addColumn('string', 'Class');
data.addColumn('number', 'Time (ms)');
data.addRows(20);
data.setCell(0, 0, 0)
data.setCell(0, 1, 'Test_AddGroceryItem')
data.setCell(0, 2, 'Flipkart.ExitTest.Test_Grocery')
data.setCell(0, 3, 32211);
data.setCell(1, 0, 1)
data.setCell(1, 1, 'Test_Social_Media')
data.setCell(1, 2, 'Flipkart.ExitTest.Test_Footer')
data.setCell(1, 3, 22641);
data.setCell(2, 0, 2)
data.setCell(2, 1, 'Test_CheckGrocetyFilter')
data.setCell(2, 2, 'Flipkart.ExitTest.Test_Grocery')
data.setCell(2, 3, 20882);
data.setCell(3, 0, 3)
data.setCell(3, 1, 'Test_Careers')
data.setCell(3, 2, 'Flipkart.ExitTest.Test_Footer')
data.setCell(3, 3, 20129);
data.setCell(4, 0, 4)
data.setCell(4, 1, 'Test_BestSeller')
data.setCell(4, 2, 'Flipkart.ExitTest.Test_Headers')
data.setCell(4, 3, 17229);
data.setCell(5, 0, 5)
data.setCell(5, 1, 'Test_Add_to_cart')
data.setCell(5, 2, 'Flipkart.ExitTest.Test_AddToCart_and_BuyNow')
data.setCell(5, 3, 12678);
data.setCell(6, 0, 6)
data.setCell(6, 1, 'Test_Hower_on_product')
data.setCell(6, 2, 'Flipkart.ExitTest.Test_SearchFuctionality')
data.setCell(6, 3, 11401);
data.setCell(7, 0, 7)
data.setCell(7, 1, 'Test_compare_product')
data.setCell(7, 2, 'Flipkart.ExitTest.Test_SearchFuctionality')
data.setCell(7, 3, 10249);
data.setCell(8, 0, 8)
data.setCell(8, 1, 'Test_checkGroeryCart')
data.setCell(8, 2, 'Flipkart.ExitTest.Test_Grocery')
data.setCell(8, 3, 9895);
data.setCell(9, 0, 9)
data.setCell(9, 1, 'Test_Buy_Now')
data.setCell(9, 2, 'Flipkart.ExitTest.Test_AddToCart_and_BuyNow')
data.setCell(9, 3, 9404);
data.setCell(10, 0, 10)
data.setCell(10, 1, 'Test_FAQ')
data.setCell(10, 2, 'Flipkart.ExitTest.Test_Footer')
data.setCell(10, 3, 7841);
data.setCell(11, 0, 11)
data.setCell(11, 1, 'Test_Home_Furnishings')
data.setCell(11, 2, 'Flipkart.ExitTest.Test_Headers')
data.setCell(11, 3, 7254);
data.setCell(12, 0, 12)
data.setCell(12, 1, 'Test_MensFasion')
data.setCell(12, 2, 'Flipkart.ExitTest.Test_Headers')
data.setCell(12, 3, 6285);
data.setCell(13, 0, 13)
data.setCell(13, 1, 'Test_SearchAndCheckSpecification')
data.setCell(13, 2, 'Flipkart.ExitTest.Test_SearchFuctionality')
data.setCell(13, 3, 5972);
data.setCell(14, 0, 14)
data.setCell(14, 1, 'Test_MotorVehicle')
data.setCell(14, 2, 'Flipkart.ExitTest.Test_Headers')
data.setCell(14, 3, 5188);
data.setCell(15, 0, 15)
data.setCell(15, 1, 'Test_Search_Item')
data.setCell(15, 2, 'Flipkart.ExitTest.Test_Basic_Flipkart')
data.setCell(15, 3, 4183);
data.setCell(16, 0, 16)
data.setCell(16, 1, 'Test_Top_offer')
data.setCell(16, 2, 'Flipkart.ExitTest.Test_Headers')
data.setCell(16, 3, 4052);
data.setCell(17, 0, 17)
data.setCell(17, 1, 'Test_loginFlipkart')
data.setCell(17, 2, 'Flipkart.ExitTest.Test_Basic_Flipkart')
data.setCell(17, 3, 3297);
data.setCell(18, 0, 18)
data.setCell(18, 1, 'Test_searchFlight')
data.setCell(18, 2, 'Flipkart.ExitTest.Test_Travel')
data.setCell(18, 3, 1116);
data.setCell(19, 0, 19)
data.setCell(19, 1, 'Test_verify_Title')
data.setCell(19, 2, 'Flipkart.ExitTest.Test_Basic_Flipkart')
data.setCell(19, 3, 155);
window.suiteTableData['Suite']= { tableData: data, tableDiv: 'times-div-Suite'}
return data;
}
              </script>
              <span class="suite-total-time">Total running time: 3 minutes</span>
              <div id="times-div-Suite">
              </div> <!-- times-div-Suite -->
            </div> <!-- times-div -->
          </div> <!-- main-panel-content rounded-window-bottom -->
        </div> <!-- panel -->
        <div panel-name="reporter-Suite" class="panel">
          <div class="main-panel-header rounded-window-top">
            <span class="header-content">Reporter output for Suite</span>
          </div> <!-- main-panel-header rounded-window-top -->
          <div class="main-panel-content rounded-window-bottom">
          </div> <!-- main-panel-content rounded-window-bottom -->
        </div> <!-- panel -->
        <div panel-name="ignored-methods-Suite" class="panel">
          <div class="main-panel-header rounded-window-top">
            <span class="header-content">12 ignored methods</span>
          </div> <!-- main-panel-header rounded-window-top -->
          <div class="main-panel-content rounded-window-bottom">
            <div class="ignored-class-div">
              <span class="ignored-class-name">Flipkart.ExitTest.Test_Footer</span>
              <div class="ignored-methods-div">
                <span class="ignored-method-name">tearDown</span>
                <br/>
                <span class="ignored-method-name">launchBrowser</span>
                <br/>
              </div> <!-- ignored-methods-div -->
            </div> <!-- ignored-class-div -->
            <div class="ignored-class-div">
              <span class="ignored-class-name">Flipkart.ExitTest.Test_Grocery</span>
              <div class="ignored-methods-div">
                <span class="ignored-method-name">tearDown</span>
                <br/>
                <span class="ignored-method-name">launchBrowser</span>
                <br/>
              </div> <!-- ignored-methods-div -->
            </div> <!-- ignored-class-div -->
            <div class="ignored-class-div">
              <span class="ignored-class-name">Flipkart.ExitTest.Test_Travel</span>
              <div class="ignored-methods-div">
                <span class="ignored-method-name">tearDown</span>
                <br/>
                <span class="ignored-method-name">launchBrowser</span>
                <br/>
              </div> <!-- ignored-methods-div -->
            </div> <!-- ignored-class-div -->
            <div class="ignored-class-div">
              <span class="ignored-class-name">Flipkart.ExitTest.Test_SearchFuctionality</span>
              <div class="ignored-methods-div">
                <span class="ignored-method-name">tearDown</span>
                <br/>
                <span class="ignored-method-name">launchBrowser</span>
                <br/>
              </div> <!-- ignored-methods-div -->
            </div> <!-- ignored-class-div -->
            <div class="ignored-class-div">
              <span class="ignored-class-name">Flipkart.ExitTest.Test_AddToCart_and_BuyNow</span>
              <div class="ignored-methods-div">
                <span class="ignored-method-name">tearDown</span>
                <br/>
                <span class="ignored-method-name">launchBrowser</span>
                <br/>
              </div> <!-- ignored-methods-div -->
            </div> <!-- ignored-class-div -->
            <div class="ignored-class-div">
              <span class="ignored-class-name">Flipkart.ExitTest.Test_Headers</span>
              <div class="ignored-methods-div">
                <span class="ignored-method-name">tearDown</span>
                <br/>
                <span class="ignored-method-name">launchBrowser</span>
                <br/>
              </div> <!-- ignored-methods-div -->
            </div> <!-- ignored-class-div -->
          </div> <!-- main-panel-content rounded-window-bottom -->
        </div> <!-- panel -->
        <div panel-name="chronological-Suite" class="panel">
          <div class="main-panel-header rounded-window-top">
            <span class="header-content">Methods in chronological order</span>
          </div> <!-- main-panel-header rounded-window-top -->
          <div class="main-panel-content rounded-window-bottom">
            <div class="chronological-class">
              <div class="chronological-class-name">Flipkart.ExitTest.Test_Basic_Flipkart</div> <!-- chronological-class-name -->
              <div class="configuration-suite before">
                <span class="method-name">launchBrowser</span>
                <span class="method-start">0 ms</span>
              </div> <!-- configuration-suite before -->
              <div class="configuration-method before">
                <span class="method-name">startTest(public void Flipkart.ExitTest.Test_Basic_Flipkart.Test_verify_Title())</span>
                <span class="method-start">3756 ms</span>
              </div> <!-- configuration-method before -->
              <div class="test-method">
                <span class="method-name">Test_verify_Title</span>
                <span class="method-start">28273 ms</span>
              </div> <!-- test-method -->
              <div class="configuration-method after">
                <span class="method-name">reportFlush([TestResult name=Test_verify_Title status=SUCCESS method=Test_Basic_Flipkart.Test_verify_Title()[pri...)</span>
                <span class="method-start">28431 ms</span>
              </div> <!-- configuration-method after -->
              <div class="configuration-method before">
                <span class="method-name">startTest(public void Flipkart.ExitTest.Test_Basic_Flipkart.Test_loginFlipkart() throws java.lang.InterruptedE...)</span>
                <span class="method-start">28436 ms</span>
              </div> <!-- configuration-method before -->
              <div class="test-method">
                <span class="method-name">Test_loginFlipkart</span>
                <span class="method-start">29458 ms</span>
              </div> <!-- test-method -->
              <div class="configuration-method after">
                <span class="method-name">reportFlush([TestResult name=Test_loginFlipkart status=SUCCESS method=Test_Basic_Flipkart.Test_loginFlipkart()[p...)</span>
                <span class="method-start">32756 ms</span>
              </div> <!-- configuration-method after -->
              <div class="configuration-method before">
                <span class="method-name">startTest(public void Flipkart.ExitTest.Test_Basic_Flipkart.Test_Search_Item() throws java.lang.InterruptedExc...)</span>
                <span class="method-start">32757 ms</span>
              </div> <!-- configuration-method before -->
              <div class="test-method">
                <span class="method-name">Test_Search_Item</span>
                <span class="method-start">33828 ms</span>
              </div> <!-- test-method -->
              <div class="configuration-method after">
                <span class="method-name">reportFlush([TestResult name=Test_Search_Item status=SUCCESS method=Test_Basic_Flipkart.Test_Search_Item()[pri:3...)</span>
                <span class="method-start">38013 ms</span>
              </div> <!-- configuration-method after -->
            </div> <!-- chronological-class -->
            <div class="chronological-class">
              <div class="chronological-class-name">Flipkart.ExitTest.Test_Headers</div> <!-- chronological-class-name -->
              <div class="configuration-method before">
                <span class="method-name">startTest(public void Flipkart.ExitTest.Test_Headers.Test_MensFasion() throws java.lang.InterruptedException)</span>
                <span class="method-start">38015 ms</span>
              </div> <!-- configuration-method before -->
              <div class="test-method">
                <span class="method-name">Test_MensFasion</span>
                <span class="method-start">38946 ms</span>
              </div> <!-- test-method -->
              <div class="configuration-method after">
                <span class="method-name">reportFlush([TestResult name=Test_MensFasion status=SUCCESS method=Test_Headers.Test_MensFasion()[pri:1, instanc...)</span>
                <span class="method-start">45232 ms</span>
              </div> <!-- configuration-method after -->
              <div class="configuration-method before">
                <span class="method-name">startTest(public void Flipkart.ExitTest.Test_Headers.Test_Home_Furnishings() throws java.lang.InterruptedExcep...)</span>
                <span class="method-start">45233 ms</span>
              </div> <!-- configuration-method before -->
              <div class="test-method">
                <span class="method-name">Test_Home_Furnishings</span>
                <span class="method-start">46222 ms</span>
              </div> <!-- test-method -->
              <div class="configuration-method after">
                <span class="method-name">reportFlush([TestResult name=Test_Home_Furnishings status=SUCCESS method=Test_Headers.Test_Home_Furnishings()[pr...)</span>
                <span class="method-start">53477 ms</span>
              </div> <!-- configuration-method after -->
              <div class="configuration-method before">
                <span class="method-name">startTest(public void Flipkart.ExitTest.Test_Headers.Test_Top_offer() throws java.lang.InterruptedException)</span>
                <span class="method-start">53478 ms</span>
              </div> <!-- configuration-method before -->
              <div class="test-method">
                <span class="method-name">Test_Top_offer</span>
                <span class="method-start">54635 ms</span>
              </div> <!-- test-method -->
              <div class="configuration-method after">
                <span class="method-name">reportFlush([TestResult name=Test_Top_offer status=SUCCESS method=Test_Headers.Test_Top_offer()[pri:3, instance:...)</span>
                <span class="method-start">58688 ms</span>
              </div> <!-- configuration-method after -->
              <div class="configuration-method before">
                <span class="method-name">startTest(public void Flipkart.ExitTest.Test_Headers.Test_MotorVehicle() throws java.lang.InterruptedException)</span>
                <span class="method-start">58690 ms</span>
              </div> <!-- configuration-method before -->
              <div class="test-method">
                <img src="failed.png">
                </img>
                <span class="method-name">Test_MotorVehicle</span>
                <span class="method-start">59689 ms</span>
              </div> <!-- test-method -->
              <div class="configuration-method after">
                <span class="method-name">reportFlush([TestResult name=Test_MotorVehicle status=FAILURE method=Test_Headers.Test_MotorVehicle()[pri:4, ins...)</span>
                <span class="method-start">64879 ms</span>
              </div> <!-- configuration-method after -->
              <div class="configuration-method before">
                <span class="method-name">startTest(public void Flipkart.ExitTest.Test_Headers.Test_BestSeller() throws java.lang.InterruptedException)</span>
                <span class="method-start">65563 ms</span>
              </div> <!-- configuration-method before -->
              <div class="test-method">
                <span class="method-name">Test_BestSeller</span>
                <span class="method-start">66663 ms</span>
              </div> <!-- test-method -->
              <div class="configuration-method after">
                <span class="method-name">reportFlush([TestResult name=Test_BestSeller status=SUCCESS method=Test_Headers.Test_BestSeller()[pri:5, instanc...)</span>
                <span class="method-start">83892 ms</span>
              </div> <!-- configuration-method after -->
            </div> <!-- chronological-class -->
            <div class="chronological-class">
              <div class="chronological-class-name">Flipkart.ExitTest.Test_SearchFuctionality</div> <!-- chronological-class-name -->
              <div class="configuration-method before">
                <span class="method-name">startTest(public void Flipkart.ExitTest.Test_SearchFuctionality.Test_compare_product() throws java.lang.Interr...)</span>
                <span class="method-start">83893 ms</span>
              </div> <!-- configuration-method before -->
              <div class="test-method">
                <span class="method-name">Test_compare_product</span>
                <span class="method-start">85019 ms</span>
              </div> <!-- test-method -->
              <div class="configuration-method after">
                <span class="method-name">reportFlush([TestResult name=Test_compare_product status=SUCCESS method=Test_SearchFuctionality.Test_compare_pro...)</span>
                <span class="method-start">95270 ms</span>
              </div> <!-- configuration-method after -->
              <div class="configuration-method before">
                <span class="method-name">startTest(public void Flipkart.ExitTest.Test_SearchFuctionality.Test_SearchAndCheckSpecification() throws java...)</span>
                <span class="method-start">95271 ms</span>
              </div> <!-- configuration-method before -->
              <div class="test-method">
                <span class="method-name">Test_SearchAndCheckSpecification</span>
                <span class="method-start">96613 ms</span>
              </div> <!-- test-method -->
              <div class="configuration-method after">
                <span class="method-name">reportFlush([TestResult name=Test_SearchAndCheckSpecification status=SUCCESS method=Test_SearchFuctionality.Test...)</span>
                <span class="method-start">102587 ms</span>
              </div> <!-- configuration-method after -->
              <div class="configuration-method before">
                <span class="method-name">startTest(public void Flipkart.ExitTest.Test_SearchFuctionality.Test_Hower_on_product() throws java.lang.Inter...)</span>
                <span class="method-start">102588 ms</span>
              </div> <!-- configuration-method before -->
              <div class="test-method">
                <span class="method-name">Test_Hower_on_product</span>
                <span class="method-start">103781 ms</span>
              </div> <!-- test-method -->
              <div class="configuration-method after">
                <span class="method-name">reportFlush([TestResult name=Test_Hower_on_product status=SUCCESS method=Test_SearchFuctionality.Test_Hower_on_p...)</span>
                <span class="method-start">115183 ms</span>
              </div> <!-- configuration-method after -->
            </div> <!-- chronological-class -->
            <div class="chronological-class">
              <div class="chronological-class-name">Flipkart.ExitTest.Test_AddToCart_and_BuyNow</div> <!-- chronological-class-name -->
              <div class="configuration-method before">
                <span class="method-name">startTest(public void Flipkart.ExitTest.Test_AddToCart_and_BuyNow.Test_Add_to_cart() throws java.lang.Interrup...)</span>
                <span class="method-start">115184 ms</span>
              </div> <!-- configuration-method before -->
              <div class="test-method">
                <span class="method-name">Test_Add_to_cart</span>
                <span class="method-start">116356 ms</span>
              </div> <!-- test-method -->
              <div class="configuration-method after">
                <span class="method-name">reportFlush([TestResult name=Test_Add_to_cart status=SUCCESS method=Test_AddToCart_and_BuyNow.Test_Add_to_cart()...)</span>
                <span class="method-start">129034 ms</span>
              </div> <!-- configuration-method after -->
              <div class="configuration-method before">
                <span class="method-name">startTest(public void Flipkart.ExitTest.Test_AddToCart_and_BuyNow.Test_Buy_Now() throws java.lang.InterruptedE...)</span>
                <span class="method-start">129035 ms</span>
              </div> <!-- configuration-method before -->
              <div class="test-method">
                <span class="method-name">Test_Buy_Now</span>
                <span class="method-start">130181 ms</span>
              </div> <!-- test-method -->
              <div class="configuration-method after">
                <span class="method-name">reportFlush([TestResult name=Test_Buy_Now status=SUCCESS method=Test_AddToCart_and_BuyNow.Test_Buy_Now()[pri:2, ...)</span>
                <span class="method-start">139586 ms</span>
              </div> <!-- configuration-method after -->
            </div> <!-- chronological-class -->
            <div class="chronological-class">
              <div class="chronological-class-name">Flipkart.ExitTest.Test_Grocery</div> <!-- chronological-class-name -->
              <div class="configuration-method before">
                <span class="method-name">startTest(public void Flipkart.ExitTest.Test_Grocery.Test_checkGroeryCart() throws java.lang.InterruptedExcept...)</span>
                <span class="method-start">139587 ms</span>
              </div> <!-- configuration-method before -->
              <div class="test-method">
                <span class="method-name">Test_checkGroeryCart</span>
                <span class="method-start">140577 ms</span>
              </div> <!-- test-method -->
              <div class="configuration-method before">
                <span class="method-name">startTest(public void Flipkart.ExitTest.Test_Grocery.Test_AddGroceryItem() throws java.lang.InterruptedExcepti...)</span>
                <span class="method-start">150472 ms</span>
              </div> <!-- configuration-method before -->
              <div class="configuration-method after">
                <span class="method-name">reportFlush([TestResult name=Test_checkGroeryCart status=SUCCESS method=Test_Grocery.Test_checkGroeryCart()[pri:...)</span>
                <span class="method-start">150472 ms</span>
              </div> <!-- configuration-method after -->
              <div class="test-method">
                <img src="failed.png">
                </img>
                <span class="method-name">Test_AddGroceryItem</span>
                <span class="method-start">151815 ms</span>
              </div> <!-- test-method -->
              <div class="configuration-method after">
                <span class="method-name">reportFlush([TestResult name=Test_AddGroceryItem status=FAILURE method=Test_Grocery.Test_AddGroceryItem()[pri:2,...)</span>
                <span class="method-start">184029 ms</span>
              </div> <!-- configuration-method after -->
              <div class="configuration-method before">
                <span class="method-name">startTest(public void Flipkart.ExitTest.Test_Grocery.Test_CheckGrocetyFilter() throws java.lang.InterruptedExc...)</span>
                <span class="method-start">184691 ms</span>
              </div> <!-- configuration-method before -->
              <div class="test-method">
                <span class="method-name">Test_CheckGrocetyFilter</span>
                <span class="method-start">186195 ms</span>
              </div> <!-- test-method -->
              <div class="configuration-method after">
                <span class="method-name">reportFlush([TestResult name=Test_CheckGrocetyFilter status=SUCCESS method=Test_Grocery.Test_CheckGrocetyFilter(...)</span>
                <span class="method-start">207077 ms</span>
              </div> <!-- configuration-method after -->
            </div> <!-- chronological-class -->
            <div class="chronological-class">
              <div class="chronological-class-name">Flipkart.ExitTest.Test_Travel</div> <!-- chronological-class-name -->
              <div class="configuration-method before">
                <span class="method-name">startTest(public void Flipkart.ExitTest.Test_Travel.Test_searchFlight() throws java.lang.InterruptedException)</span>
                <span class="method-start">207078 ms</span>
              </div> <!-- configuration-method before -->
              <div class="test-method">
                <img src="failed.png">
                </img>
                <span class="method-name">Test_searchFlight</span>
                <span class="method-start">208293 ms</span>
              </div> <!-- test-method -->
              <div class="configuration-method after">
                <span class="method-name">reportFlush([TestResult name=Test_searchFlight status=FAILURE method=Test_Travel.Test_searchFlight()[pri:0, inst...)</span>
                <span class="method-start">209410 ms</span>
              </div> <!-- configuration-method after -->
            </div> <!-- chronological-class -->
            <div class="chronological-class">
              <div class="chronological-class-name">Flipkart.ExitTest.Test_Footer</div> <!-- chronological-class-name -->
              <div class="configuration-method before">
                <span class="method-name">startTest(public void Flipkart.ExitTest.Test_Footer.Test_Social_Media() throws java.lang.InterruptedException)</span>
                <span class="method-start">209957 ms</span>
              </div> <!-- configuration-method before -->
              <div class="test-method">
                <img src="failed.png">
                </img>
                <span class="method-name">Test_Social_Media</span>
                <span class="method-start">211256 ms</span>
              </div> <!-- test-method -->
              <div class="configuration-method after">
                <span class="method-name">reportFlush([TestResult name=Test_Social_Media status=FAILURE method=Test_Footer.Test_Social_Media()[pri:1, inst...)</span>
                <span class="method-start">233898 ms</span>
              </div> <!-- configuration-method after -->
              <div class="configuration-method before">
                <span class="method-name">startTest(public void Flipkart.ExitTest.Test_Footer.Test_FAQ() throws java.lang.InterruptedException)</span>
                <span class="method-start">234489 ms</span>
              </div> <!-- configuration-method before -->
              <div class="test-method">
                <span class="method-name">Test_FAQ</span>
                <span class="method-start">235779 ms</span>
              </div> <!-- test-method -->
              <div class="configuration-method after">
                <span class="method-name">reportFlush([TestResult name=Test_FAQ status=SUCCESS method=Test_Footer.Test_FAQ()[pri:2, instance:Flipkart.Exit...)</span>
                <span class="method-start">243621 ms</span>
              </div> <!-- configuration-method after -->
              <div class="configuration-method before">
                <span class="method-name">startTest(public void Flipkart.ExitTest.Test_Footer.Test_Careers() throws java.lang.InterruptedException)</span>
                <span class="method-start">243622 ms</span>
              </div> <!-- configuration-method before -->
              <div class="test-method">
                <span class="method-name">Test_Careers</span>
                <span class="method-start">244812 ms</span>
              </div> <!-- test-method -->
              <div class="configuration-method after">
                <span class="method-name">reportFlush([TestResult name=Test_Careers status=SUCCESS method=Test_Footer.Test_Careers()[pri:3, instance:Flipk...)</span>
                <span class="method-start">264941 ms</span>
              </div> <!-- configuration-method after -->
            </div> <!-- chronological-class -->
            <div class="chronological-class">
              <div class="chronological-class-name">Flipkart.ExitTest.Test_Basic_Flipkart</div> <!-- chronological-class-name -->
              <div class="configuration-suite after">
                <span class="method-name">tearDown</span>
                <span class="method-start">264994 ms</span>
              </div> <!-- configuration-suite after -->
          </div> <!-- main-panel-content rounded-window-bottom -->
        </div> <!-- panel -->
      </div> <!-- main-panel-root -->
    </div> <!-- wrapper -->
  </body>
<script type="text/javascript" src="testng-reports2.js"></script>
</html>
